[04-12 16:36:51]: [INFO] Created column 'regdate' and set the current timestamp, 1712939811852, to all 0 rows
[04-12 16:36:52]: [INFO] SQLite Setup finished
[04-12 16:36:52]: [INFO] No supported permissions system found! Permissions are disabled!
[04-12 16:36:52]: [INFO] Hooked successfully into Essentials
[04-12 16:36:52]: [INFO] Essentials spawn file not found: '/workspaces/GGeSMP-NETWORK/server/plugins/Essentials/spawn.yml'
[04-12 16:36:52]: [WARN] WARNING! The protectInventory feature requires ProtocolLib! Disabling it...
[04-12 16:36:52]: [INFO] AuthMe 5.6.0-SNAPSHOT build n.CUSTOM successfully enabled!
[04-12 16:36:59]: [INFO] Downloading GEO IP database, because the old database is older than 30 days or doesn't exist
[04-12 16:36:59]: [WARN] No MaxMind credentials found in the configuration file! GeoIp protections will be disabled.
[04-12 16:36:59]: [INFO] There is no newer GEO IP database uploaded to MaxMind. Using the old one for now.
[04-12 16:36:59]: [WARN] Could not download GeoLiteAPI database [FileNotFoundException]: plugins/AuthMe/GeoLite2-Country.mmdb (No such file or directory)
[04-12 16:36:59]: java.io.FileNotFoundException: plugins/AuthMe/GeoLite2-Country.mmdb (No such file or directory)
	at java.base/java.io.RandomAccessFile.open0(Native Method)
	at java.base/java.io.RandomAccessFile.open(RandomAccessFile.java:356)
	at java.base/java.io.RandomAccessFile.<init>(RandomAccessFile.java:273)
	at java.base/java.io.RandomAccessFile.<init>(RandomAccessFile.java:223)
	at fr.xephi.authme.libs.com.maxmind.db.BufferHolder.<init>(BufferHolder.java:20)
	at fr.xephi.authme.libs.com.maxmind.db.Reader.<init>(Reader.java:121)
	at fr.xephi.authme.service.GeoIpService.startReading(GeoIpService.java:173)
	at fr.xephi.authme.service.GeoIpService.updateDatabase(GeoIpService.java:144)
	at org.bukkit.craftbukkit.v1_8_R3.scheduler.CraftTask.run(CraftTask.java:59)
	at org.bukkit.craftbukkit.v1_8_R3.scheduler.CraftAsyncTask.run(CraftAsyncTask.java:53)
	at org.github.paperspigot.ServerSchedulerReportingWrapper.run(ServerSchedulerReportingWrapper.java:23)
	at java.base/java.util.concurrent.ThreadPoolExecutor.runWorker(ThreadPoolExecutor.java:1144)
	at java.base/java.util.concurrent.ThreadPoolExecutor$Worker.run(ThreadPoolExecutor.java:642)
	at java.base/java.lang.Thread.run(Thread.java:1583)

[04-12 17:31:43]: [INFO] SQLite Setup finished
[04-12 17:31:43]: [INFO] No supported permissions system found! Permissions are disabled!
[04-12 17:31:43]: [INFO] Hooked successfully into Essentials
[04-12 17:31:43]: [INFO] Essentials spawn file not found: '/workspaces/GGeSMP-NETWORK/server/plugins/Essentials/spawn.yml'
[04-12 17:31:44]: [WARN] WARNING! The protectInventory feature requires ProtocolLib! Disabling it...
[04-12 17:31:44]: [INFO] AuthMe 5.6.0-SNAPSHOT build n.CUSTOM successfully enabled!
[04-12 17:31:51]: [INFO] Downloading GEO IP database, because the old database is older than 30 days or doesn't exist
[04-12 17:31:51]: [WARN] No MaxMind credentials found in the configuration file! GeoIp protections will be disabled.
[04-12 17:31:51]: [INFO] There is no newer GEO IP database uploaded to MaxMind. Using the old one for now.
[04-12 17:31:51]: [WARN] Could not download GeoLiteAPI database [FileNotFoundException]: plugins/AuthMe/GeoLite2-Country.mmdb (No such file or directory)
[04-12 17:31:51]: java.io.FileNotFoundException: plugins/AuthMe/GeoLite2-Country.mmdb (No such file or directory)
	at java.base/java.io.RandomAccessFile.open0(Native Method)
	at java.base/java.io.RandomAccessFile.open(RandomAccessFile.java:356)
	at java.base/java.io.RandomAccessFile.<init>(RandomAccessFile.java:273)
	at java.base/java.io.RandomAccessFile.<init>(RandomAccessFile.java:223)
	at fr.xephi.authme.libs.com.maxmind.db.BufferHolder.<init>(BufferHolder.java:20)
	at fr.xephi.authme.libs.com.maxmind.db.Reader.<init>(Reader.java:121)
	at fr.xephi.authme.service.GeoIpService.startReading(GeoIpService.java:173)
	at fr.xephi.authme.service.GeoIpService.updateDatabase(GeoIpService.java:144)
	at org.bukkit.craftbukkit.v1_8_R3.scheduler.CraftTask.run(CraftTask.java:59)
	at org.bukkit.craftbukkit.v1_8_R3.scheduler.CraftAsyncTask.run(CraftAsyncTask.java:53)
	at org.github.paperspigot.ServerSchedulerReportingWrapper.run(ServerSchedulerReportingWrapper.java:23)
	at java.base/java.util.concurrent.ThreadPoolExecutor.runWorker(ThreadPoolExecutor.java:1144)
	at java.base/java.util.concurrent.ThreadPoolExecutor$Worker.run(ThreadPoolExecutor.java:642)
	at java.base/java.lang.Thread.run(Thread.java:1583)

[04-12 17:56:49]: [INFO] AuthMe 5.6.0-SNAPSHOT-bCUSTOM disabled!
[04-12 18:07:52]: [INFO] SQLite Setup finished
[04-12 18:07:52]: [INFO] No supported permissions system found! Permissions are disabled!
[04-12 18:07:52]: [INFO] Hooked successfully into Essentials
[04-12 18:07:52]: [INFO] Essentials spawn file not found: '/workspaces/GGeSMP-NETWORK/server/plugins/Essentials/spawn.yml'
[04-12 18:07:52]: [WARN] WARNING! The protectInventory feature requires ProtocolLib! Disabling it...
[04-12 18:07:52]: [INFO] AuthMe 5.6.0-SNAPSHOT build n.CUSTOM successfully enabled!
[04-12 18:07:59]: [INFO] Downloading GEO IP database, because the old database is older than 30 days or doesn't exist
[04-12 18:07:59]: [WARN] No MaxMind credentials found in the configuration file! GeoIp protections will be disabled.
[04-12 18:07:59]: [INFO] There is no newer GEO IP database uploaded to MaxMind. Using the old one for now.
[04-12 18:07:59]: [WARN] Could not download GeoLiteAPI database [FileNotFoundException]: plugins/AuthMe/GeoLite2-Country.mmdb (No such file or directory)
[04-12 18:07:59]: java.io.FileNotFoundException: plugins/AuthMe/GeoLite2-Country.mmdb (No such file or directory)
	at java.base/java.io.RandomAccessFile.open0(Native Method)
	at java.base/java.io.RandomAccessFile.open(RandomAccessFile.java:356)
	at java.base/java.io.RandomAccessFile.<init>(RandomAccessFile.java:273)
	at java.base/java.io.RandomAccessFile.<init>(RandomAccessFile.java:223)
	at fr.xephi.authme.libs.com.maxmind.db.BufferHolder.<init>(BufferHolder.java:20)
	at fr.xephi.authme.libs.com.maxmind.db.Reader.<init>(Reader.java:121)
	at fr.xephi.authme.service.GeoIpService.startReading(GeoIpService.java:173)
	at fr.xephi.authme.service.GeoIpService.updateDatabase(GeoIpService.java:144)
	at org.bukkit.craftbukkit.v1_8_R3.scheduler.CraftTask.run(CraftTask.java:59)
	at org.bukkit.craftbukkit.v1_8_R3.scheduler.CraftAsyncTask.run(CraftAsyncTask.java:53)
	at org.github.paperspigot.ServerSchedulerReportingWrapper.run(ServerSchedulerReportingWrapper.java:23)
	at java.base/java.util.concurrent.ThreadPoolExecutor.runWorker(ThreadPoolExecutor.java:1144)
	at java.base/java.util.concurrent.ThreadPoolExecutor$Worker.run(ThreadPoolExecutor.java:642)
	at java.base/java.lang.Thread.run(Thread.java:1583)

[04-12 18:23:51]: [INFO] CONSOLE registered Zoomgotgame
[04-12 18:36:37]: [INFO] AuthMe 5.6.0-SNAPSHOT-bCUSTOM disabled!
[04-12 18:37:00]: [INFO] SQLite Setup finished
[04-12 18:37:00]: [INFO] No supported permissions system found! Permissions are disabled!
[04-12 18:37:00]: [INFO] Hooked successfully into Essentials
[04-12 18:37:00]: [INFO] Essentials spawn file not found: '/workspaces/GGeSMP-NETWORK/server/plugins/Essentials/spawn.yml'
[04-12 18:37:01]: [WARN] WARNING! The protectInventory feature requires ProtocolLib! Disabling it...
[04-12 18:37:01]: [INFO] AuthMe 5.6.0-SNAPSHOT build n.CUSTOM successfully enabled!
[04-12 18:37:08]: [INFO] Downloading GEO IP database, because the old database is older than 30 days or doesn't exist
[04-12 18:37:08]: [WARN] No MaxMind credentials found in the configuration file! GeoIp protections will be disabled.
[04-12 18:37:08]: [INFO] There is no newer GEO IP database uploaded to MaxMind. Using the old one for now.
[04-12 18:37:08]: [WARN] Could not download GeoLiteAPI database [FileNotFoundException]: plugins/AuthMe/GeoLite2-Country.mmdb (No such file or directory)
[04-12 18:37:08]: java.io.FileNotFoundException: plugins/AuthMe/GeoLite2-Country.mmdb (No such file or directory)
	at java.base/java.io.RandomAccessFile.open0(Native Method)
	at java.base/java.io.RandomAccessFile.open(RandomAccessFile.java:356)
	at java.base/java.io.RandomAccessFile.<init>(RandomAccessFile.java:273)
	at java.base/java.io.RandomAccessFile.<init>(RandomAccessFile.java:223)
	at fr.xephi.authme.libs.com.maxmind.db.BufferHolder.<init>(BufferHolder.java:20)
	at fr.xephi.authme.libs.com.maxmind.db.Reader.<init>(Reader.java:121)
	at fr.xephi.authme.service.GeoIpService.startReading(GeoIpService.java:173)
	at fr.xephi.authme.service.GeoIpService.updateDatabase(GeoIpService.java:144)
	at org.bukkit.craftbukkit.v1_8_R3.scheduler.CraftTask.run(CraftTask.java:59)
	at org.bukkit.craftbukkit.v1_8_R3.scheduler.CraftAsyncTask.run(CraftAsyncTask.java:53)
	at org.github.paperspigot.ServerSchedulerReportingWrapper.run(ServerSchedulerReportingWrapper.java:23)
	at java.base/java.util.concurrent.ThreadPoolExecutor.runWorker(ThreadPoolExecutor.java:1144)
	at java.base/java.util.concurrent.ThreadPoolExecutor$Worker.run(ThreadPoolExecutor.java:642)
	at java.base/java.lang.Thread.run(Thread.java:1583)

[04-12 18:38:44]: [INFO] AuthMe 5.6.0-SNAPSHOT-bCUSTOM disabled!
[04-12 18:39:05]: [INFO] SQLite Setup finished
[04-12 18:39:05]: [INFO] No supported permissions system found! Permissions are disabled!
[04-12 18:39:05]: [INFO] Hooked successfully into Essentials
[04-12 18:39:05]: [INFO] Essentials spawn file not found: '/workspaces/GGeSMP-NETWORK/server/plugins/Essentials/spawn.yml'
[04-12 18:39:05]: [WARN] WARNING! The protectInventory feature requires ProtocolLib! Disabling it...
[04-12 18:39:06]: [INFO] AuthMe 5.6.0-SNAPSHOT build n.CUSTOM successfully enabled!
[04-12 18:39:13]: [INFO] Downloading GEO IP database, because the old database is older than 30 days or doesn't exist
[04-12 18:39:13]: [WARN] No MaxMind credentials found in the configuration file! GeoIp protections will be disabled.
[04-12 18:39:13]: [INFO] There is no newer GEO IP database uploaded to MaxMind. Using the old one for now.
[04-12 18:39:13]: [WARN] Could not download GeoLiteAPI database [FileNotFoundException]: plugins/AuthMe/GeoLite2-Country.mmdb (No such file or directory)
[04-12 18:39:13]: java.io.FileNotFoundException: plugins/AuthMe/GeoLite2-Country.mmdb (No such file or directory)
	at java.base/java.io.RandomAccessFile.open0(Native Method)
	at java.base/java.io.RandomAccessFile.open(RandomAccessFile.java:356)
	at java.base/java.io.RandomAccessFile.<init>(RandomAccessFile.java:273)
	at java.base/java.io.RandomAccessFile.<init>(RandomAccessFile.java:223)
	at fr.xephi.authme.libs.com.maxmind.db.BufferHolder.<init>(BufferHolder.java:20)
	at fr.xephi.authme.libs.com.maxmind.db.Reader.<init>(Reader.java:121)
	at fr.xephi.authme.service.GeoIpService.startReading(GeoIpService.java:173)
	at fr.xephi.authme.service.GeoIpService.updateDatabase(GeoIpService.java:144)
	at org.bukkit.craftbukkit.v1_8_R3.scheduler.CraftTask.run(CraftTask.java:59)
	at org.bukkit.craftbukkit.v1_8_R3.scheduler.CraftAsyncTask.run(CraftAsyncTask.java:53)
	at org.github.paperspigot.ServerSchedulerReportingWrapper.run(ServerSchedulerReportingWrapper.java:23)
	at java.base/java.util.concurrent.ThreadPoolExecutor.runWorker(ThreadPoolExecutor.java:1144)
	at java.base/java.util.concurrent.ThreadPoolExecutor$Worker.run(ThreadPoolExecutor.java:642)
	at java.base/java.lang.Thread.run(Thread.java:1583)

[04-12 18:49:06]: [INFO] SQLite Setup finished
[04-12 18:49:06]: [INFO] No supported permissions system found! Permissions are disabled!
[04-12 18:49:06]: [INFO] Hooked successfully into Essentials
[04-12 18:49:06]: [INFO] Essentials spawn file not found: '/workspaces/GGeSMP-NETWORK/server/plugins/Essentials/spawn.yml'
[04-12 18:49:06]: [WARN] WARNING! The protectInventory feature requires ProtocolLib! Disabling it...
[04-12 18:49:06]: [INFO] AuthMe 5.6.0-SNAPSHOT build n.CUSTOM successfully enabled!
[04-12 18:49:14]: [INFO] Downloading GEO IP database, because the old database is older than 30 days or doesn't exist
[04-12 18:49:14]: [WARN] No MaxMind credentials found in the configuration file! GeoIp protections will be disabled.
[04-12 18:49:14]: [INFO] There is no newer GEO IP database uploaded to MaxMind. Using the old one for now.
[04-12 18:49:14]: [WARN] Could not download GeoLiteAPI database [FileNotFoundException]: plugins/AuthMe/GeoLite2-Country.mmdb (No such file or directory)
[04-12 18:49:14]: java.io.FileNotFoundException: plugins/AuthMe/GeoLite2-Country.mmdb (No such file or directory)
	at java.base/java.io.RandomAccessFile.open0(Native Method)
	at java.base/java.io.RandomAccessFile.open(RandomAccessFile.java:356)
	at java.base/java.io.RandomAccessFile.<init>(RandomAccessFile.java:273)
	at java.base/java.io.RandomAccessFile.<init>(RandomAccessFile.java:223)
	at fr.xephi.authme.libs.com.maxmind.db.BufferHolder.<init>(BufferHolder.java:20)
	at fr.xephi.authme.libs.com.maxmind.db.Reader.<init>(Reader.java:121)
	at fr.xephi.authme.service.GeoIpService.startReading(GeoIpService.java:173)
	at fr.xephi.authme.service.GeoIpService.updateDatabase(GeoIpService.java:144)
	at org.bukkit.craftbukkit.v1_8_R3.scheduler.CraftTask.run(CraftTask.java:59)
	at org.bukkit.craftbukkit.v1_8_R3.scheduler.CraftAsyncTask.run(CraftAsyncTask.java:53)
	at org.github.paperspigot.ServerSchedulerReportingWrapper.run(ServerSchedulerReportingWrapper.java:23)
	at java.base/java.util.concurrent.ThreadPoolExecutor.runWorker(ThreadPoolExecutor.java:1144)
	at java.base/java.util.concurrent.ThreadPoolExecutor$Worker.run(ThreadPoolExecutor.java:642)
	at java.base/java.lang.Thread.run(Thread.java:1583)

[04-12 19:06:24]: [FINE] DarverYigg150 registered 0:0:0:0:0:0:0:1
[04-12 19:06:24]: [FINE] DarverYigg150 logged in 0:0:0:0:0:0:0:1
[04-12 19:11:38]: [FINE] ImCumming registered 0:0:0:0:0:0:0:1
[04-12 19:11:38]: [FINE] The user ImCumming has 2 accounts:
[04-12 19:11:38]: [FINE] §7darveryigg150, §aImCumming§7.
[04-12 19:11:38]: [FINE] ImCumming logged in 0:0:0:0:0:0:0:1
[04-12 19:12:56]: [FINE] SGCONNOR5772 registered 0:0:0:0:0:0:0:1
[04-12 19:12:56]: [FINE] The user SGCONNOR5772 has 3 accounts:
[04-12 19:12:56]: [FINE] §7darveryigg150, §aImCumming§7, §aSGCONNOR5772§7.
[04-12 19:12:56]: [FINE] SGCONNOR5772 logged in 0:0:0:0:0:0:0:1
[04-12 19:30:48]: [INFO] AuthMe 5.6.0-SNAPSHOT-bCUSTOM disabled!
[04-12 19:31:17]: [INFO] SQLite Setup finished
[04-12 19:31:17]: [INFO] No supported permissions system found! Permissions are disabled!
[04-12 19:31:17]: [INFO] Hooked successfully into Essentials
[04-12 19:31:17]: [INFO] Essentials spawn file not found: '/workspaces/GGeSMP-NETWORK/server/plugins/Essentials/spawn.yml'
[04-12 19:31:17]: [WARN] WARNING! The protectInventory feature requires ProtocolLib! Disabling it...
[04-12 19:31:17]: [INFO] AuthMe 5.6.0-SNAPSHOT build n.CUSTOM successfully enabled!
[04-12 19:31:24]: [INFO] Downloading GEO IP database, because the old database is older than 30 days or doesn't exist
[04-12 19:31:24]: [WARN] No MaxMind credentials found in the configuration file! GeoIp protections will be disabled.
[04-12 19:31:24]: [INFO] There is no newer GEO IP database uploaded to MaxMind. Using the old one for now.
[04-12 19:31:24]: [WARN] Could not download GeoLiteAPI database [FileNotFoundException]: plugins/AuthMe/GeoLite2-Country.mmdb (No such file or directory)
[04-12 19:31:24]: java.io.FileNotFoundException: plugins/AuthMe/GeoLite2-Country.mmdb (No such file or directory)
	at java.base/java.io.RandomAccessFile.open0(Native Method)
	at java.base/java.io.RandomAccessFile.open(RandomAccessFile.java:356)
	at java.base/java.io.RandomAccessFile.<init>(RandomAccessFile.java:273)
	at java.base/java.io.RandomAccessFile.<init>(RandomAccessFile.java:223)
	at fr.xephi.authme.libs.com.maxmind.db.BufferHolder.<init>(BufferHolder.java:20)
	at fr.xephi.authme.libs.com.maxmind.db.Reader.<init>(Reader.java:121)
	at fr.xephi.authme.service.GeoIpService.startReading(GeoIpService.java:173)
	at fr.xephi.authme.service.GeoIpService.updateDatabase(GeoIpService.java:144)
	at org.bukkit.craftbukkit.v1_8_R3.scheduler.CraftTask.run(CraftTask.java:59)
	at org.bukkit.craftbukkit.v1_8_R3.scheduler.CraftAsyncTask.run(CraftAsyncTask.java:53)
	at org.github.paperspigot.ServerSchedulerReportingWrapper.run(ServerSchedulerReportingWrapper.java:23)
	at java.base/java.util.concurrent.ThreadPoolExecutor.runWorker(ThreadPoolExecutor.java:1144)
	at java.base/java.util.concurrent.ThreadPoolExecutor$Worker.run(ThreadPoolExecutor.java:642)
	at java.base/java.lang.Thread.run(Thread.java:1583)

[04-12 19:31:44]: [FINE] The user ImCumming has 3 accounts:
[04-12 19:31:44]: [FINE] §7darveryigg150, §aImCumming§7, sgconnor5772.
[04-12 19:31:44]: [FINE] ImCumming logged in 0:0:0:0:0:0:0:1
[04-15 18:58:28]: [INFO] SQLite Setup finished
[04-15 18:58:28]: [INFO] No supported permissions system found! Permissions are disabled!
[04-15 18:58:28]: [INFO] Hooked successfully into Essentials
[04-15 18:58:28]: [INFO] Essentials spawn file not found: '/workspaces/GGeSMP-NETWORK/server/plugins/Essentials/spawn.yml'
[04-15 18:58:28]: [WARN] WARNING! The protectInventory feature requires ProtocolLib! Disabling it...
[04-15 18:58:29]: [INFO] AuthMe 5.6.0-SNAPSHOT build n.CUSTOM successfully enabled!
[04-15 18:58:36]: [INFO] Downloading GEO IP database, because the old database is older than 30 days or doesn't exist
[04-15 18:58:36]: [WARN] No MaxMind credentials found in the configuration file! GeoIp protections will be disabled.
[04-15 18:58:36]: [INFO] There is no newer GEO IP database uploaded to MaxMind. Using the old one for now.
[04-15 18:58:36]: [WARN] Could not download GeoLiteAPI database [FileNotFoundException]: plugins/AuthMe/GeoLite2-Country.mmdb (No such file or directory)
[04-15 18:58:36]: java.io.FileNotFoundException: plugins/AuthMe/GeoLite2-Country.mmdb (No such file or directory)
	at java.base/java.io.RandomAccessFile.open0(Native Method)
	at java.base/java.io.RandomAccessFile.open(RandomAccessFile.java:356)
	at java.base/java.io.RandomAccessFile.<init>(RandomAccessFile.java:273)
	at java.base/java.io.RandomAccessFile.<init>(RandomAccessFile.java:223)
	at fr.xephi.authme.libs.com.maxmind.db.BufferHolder.<init>(BufferHolder.java:20)
	at fr.xephi.authme.libs.com.maxmind.db.Reader.<init>(Reader.java:121)
	at fr.xephi.authme.service.GeoIpService.startReading(GeoIpService.java:173)
	at fr.xephi.authme.service.GeoIpService.updateDatabase(GeoIpService.java:144)
	at org.bukkit.craftbukkit.v1_8_R3.scheduler.CraftTask.run(CraftTask.java:59)
	at org.bukkit.craftbukkit.v1_8_R3.scheduler.CraftAsyncTask.run(CraftAsyncTask.java:53)
	at org.github.paperspigot.ServerSchedulerReportingWrapper.run(ServerSchedulerReportingWrapper.java:23)
	at java.base/java.util.concurrent.ThreadPoolExecutor.runWorker(ThreadPoolExecutor.java:1144)
	at java.base/java.util.concurrent.ThreadPoolExecutor$Worker.run(ThreadPoolExecutor.java:642)
	at java.base/java.lang.Thread.run(Thread.java:1583)

[04-16 19:12:49]: [INFO] SQLite Setup finished
[04-16 19:12:49]: [INFO] No supported permissions system found! Permissions are disabled!
[04-16 19:12:50]: [INFO] Hooked successfully into Essentials
[04-16 19:12:50]: [INFO] Essentials spawn file not found: '/workspaces/GGeSMP-NETWORK/server/plugins/Essentials/spawn.yml'
[04-16 19:12:50]: [WARN] WARNING! The protectInventory feature requires ProtocolLib! Disabling it...
[04-16 19:12:50]: [INFO] AuthMe 5.6.0-SNAPSHOT build n.CUSTOM successfully enabled!
[04-16 19:12:57]: [INFO] Downloading GEO IP database, because the old database is older than 30 days or doesn't exist
[04-16 19:12:57]: [WARN] No MaxMind credentials found in the configuration file! GeoIp protections will be disabled.
[04-16 19:12:57]: [INFO] There is no newer GEO IP database uploaded to MaxMind. Using the old one for now.
[04-16 19:12:57]: [WARN] Could not download GeoLiteAPI database [FileNotFoundException]: plugins/AuthMe/GeoLite2-Country.mmdb (No such file or directory)
[04-16 19:12:57]: java.io.FileNotFoundException: plugins/AuthMe/GeoLite2-Country.mmdb (No such file or directory)
	at java.base/java.io.RandomAccessFile.open0(Native Method)
	at java.base/java.io.RandomAccessFile.open(RandomAccessFile.java:356)
	at java.base/java.io.RandomAccessFile.<init>(RandomAccessFile.java:273)
	at java.base/java.io.RandomAccessFile.<init>(RandomAccessFile.java:223)
	at fr.xephi.authme.libs.com.maxmind.db.BufferHolder.<init>(BufferHolder.java:20)
	at fr.xephi.authme.libs.com.maxmind.db.Reader.<init>(Reader.java:121)
	at fr.xephi.authme.service.GeoIpService.startReading(GeoIpService.java:173)
	at fr.xephi.authme.service.GeoIpService.updateDatabase(GeoIpService.java:144)
	at org.bukkit.craftbukkit.v1_8_R3.scheduler.CraftTask.run(CraftTask.java:59)
	at org.bukkit.craftbukkit.v1_8_R3.scheduler.CraftAsyncTask.run(CraftAsyncTask.java:53)
	at org.github.paperspigot.ServerSchedulerReportingWrapper.run(ServerSchedulerReportingWrapper.java:23)
	at java.base/java.util.concurrent.ThreadPoolExecutor.runWorker(ThreadPoolExecutor.java:1144)
	at java.base/java.util.concurrent.ThreadPoolExecutor$Worker.run(ThreadPoolExecutor.java:642)
	at java.base/java.lang.Thread.run(Thread.java:1583)

[04-16 19:21:00]: [INFO] AuthMe 5.6.0-SNAPSHOT-bCUSTOM disabled!
[04-16 19:28:46]: [INFO] SQLite Setup finished
[04-16 19:28:46]: [INFO] No supported permissions system found! Permissions are disabled!
[04-16 19:28:46]: [INFO] Hooked successfully into Essentials
[04-16 19:28:46]: [INFO] Essentials spawn file not found: '/workspaces/GGeSMP-NETWORK/server/plugins/Essentials/spawn.yml'
[04-16 19:28:46]: [WARN] WARNING! The protectInventory feature requires ProtocolLib! Disabling it...
[04-16 19:28:46]: [INFO] AuthMe 5.6.0-SNAPSHOT build n.CUSTOM successfully enabled!
[04-16 19:28:53]: [INFO] Downloading GEO IP database, because the old database is older than 30 days or doesn't exist
[04-16 19:28:53]: [WARN] No MaxMind credentials found in the configuration file! GeoIp protections will be disabled.
[04-16 19:28:53]: [INFO] There is no newer GEO IP database uploaded to MaxMind. Using the old one for now.
[04-16 19:28:53]: [WARN] Could not download GeoLiteAPI database [FileNotFoundException]: plugins/AuthMe/GeoLite2-Country.mmdb (No such file or directory)
[04-16 19:28:53]: java.io.FileNotFoundException: plugins/AuthMe/GeoLite2-Country.mmdb (No such file or directory)
	at java.base/java.io.RandomAccessFile.open0(Native Method)
	at java.base/java.io.RandomAccessFile.open(RandomAccessFile.java:356)
	at java.base/java.io.RandomAccessFile.<init>(RandomAccessFile.java:273)
	at java.base/java.io.RandomAccessFile.<init>(RandomAccessFile.java:223)
	at fr.xephi.authme.libs.com.maxmind.db.BufferHolder.<init>(BufferHolder.java:20)
	at fr.xephi.authme.libs.com.maxmind.db.Reader.<init>(Reader.java:121)
	at fr.xephi.authme.service.GeoIpService.startReading(GeoIpService.java:173)
	at fr.xephi.authme.service.GeoIpService.updateDatabase(GeoIpService.java:144)
	at org.bukkit.craftbukkit.v1_8_R3.scheduler.CraftTask.run(CraftTask.java:59)
	at org.bukkit.craftbukkit.v1_8_R3.scheduler.CraftAsyncTask.run(CraftAsyncTask.java:53)
	at org.github.paperspigot.ServerSchedulerReportingWrapper.run(ServerSchedulerReportingWrapper.java:23)
	at java.base/java.util.concurrent.ThreadPoolExecutor.runWorker(ThreadPoolExecutor.java:1144)
	at java.base/java.util.concurrent.ThreadPoolExecutor$Worker.run(ThreadPoolExecutor.java:642)
	at java.base/java.lang.Thread.run(Thread.java:1583)

[04-19 16:01:02]: [INFO] SQLite Setup finished
[04-19 16:01:02]: [INFO] No supported permissions system found! Permissions are disabled!
[04-19 16:01:02]: [INFO] Hooked successfully into Essentials
[04-19 16:01:02]: [INFO] Essentials spawn file not found: '/workspaces/GGeSMP-NETWORK/server/plugins/Essentials/spawn.yml'
[04-19 16:01:02]: [WARN] WARNING! The protectInventory feature requires ProtocolLib! Disabling it...
[04-19 16:01:03]: [INFO] AuthMe 5.6.0-SNAPSHOT build n.CUSTOM successfully enabled!
[04-19 16:01:09]: [INFO] Downloading GEO IP database, because the old database is older than 30 days or doesn't exist
[04-19 16:01:09]: [WARN] No MaxMind credentials found in the configuration file! GeoIp protections will be disabled.
[04-19 16:01:09]: [INFO] There is no newer GEO IP database uploaded to MaxMind. Using the old one for now.
[04-19 16:01:09]: [WARN] Could not download GeoLiteAPI database [FileNotFoundException]: plugins/AuthMe/GeoLite2-Country.mmdb (No such file or directory)
[04-19 16:01:09]: java.io.FileNotFoundException: plugins/AuthMe/GeoLite2-Country.mmdb (No such file or directory)
	at java.base/java.io.RandomAccessFile.open0(Native Method)
	at java.base/java.io.RandomAccessFile.open(RandomAccessFile.java:356)
	at java.base/java.io.RandomAccessFile.<init>(RandomAccessFile.java:273)
	at java.base/java.io.RandomAccessFile.<init>(RandomAccessFile.java:223)
	at fr.xephi.authme.libs.com.maxmind.db.BufferHolder.<init>(BufferHolder.java:20)
	at fr.xephi.authme.libs.com.maxmind.db.Reader.<init>(Reader.java:121)
	at fr.xephi.authme.service.GeoIpService.startReading(GeoIpService.java:173)
	at fr.xephi.authme.service.GeoIpService.updateDatabase(GeoIpService.java:144)
	at org.bukkit.craftbukkit.v1_8_R3.scheduler.CraftTask.run(CraftTask.java:59)
	at org.bukkit.craftbukkit.v1_8_R3.scheduler.CraftAsyncTask.run(CraftAsyncTask.java:53)
	at org.github.paperspigot.ServerSchedulerReportingWrapper.run(ServerSchedulerReportingWrapper.java:23)
	at java.base/java.util.concurrent.ThreadPoolExecutor.runWorker(ThreadPoolExecutor.java:1144)
	at java.base/java.util.concurrent.ThreadPoolExecutor$Worker.run(ThreadPoolExecutor.java:642)
	at java.base/java.lang.Thread.run(Thread.java:1583)

[04-19 19:16:24]: [INFO] SQLite Setup finished
[04-19 19:16:25]: [INFO] No supported permissions system found! Permissions are disabled!
[04-19 19:16:25]: [INFO] Hooked successfully into Essentials
[04-19 19:16:25]: [INFO] Essentials spawn file not found: '/workspaces/GGeSMP-NETWORK/server/plugins/Essentials/spawn.yml'
[04-19 19:16:25]: [WARN] WARNING! The protectInventory feature requires ProtocolLib! Disabling it...
[04-19 19:16:25]: [INFO] AuthMe 5.6.0-SNAPSHOT build n.CUSTOM successfully enabled!
[04-19 19:16:31]: [INFO] Downloading GEO IP database, because the old database is older than 30 days or doesn't exist
[04-19 19:16:31]: [WARN] No MaxMind credentials found in the configuration file! GeoIp protections will be disabled.
[04-19 19:16:31]: [INFO] There is no newer GEO IP database uploaded to MaxMind. Using the old one for now.
[04-19 19:16:31]: [WARN] Could not download GeoLiteAPI database [FileNotFoundException]: plugins/AuthMe/GeoLite2-Country.mmdb (No such file or directory)
[04-19 19:16:31]: java.io.FileNotFoundException: plugins/AuthMe/GeoLite2-Country.mmdb (No such file or directory)
	at java.base/java.io.RandomAccessFile.open0(Native Method)
	at java.base/java.io.RandomAccessFile.open(RandomAccessFile.java:356)
	at java.base/java.io.RandomAccessFile.<init>(RandomAccessFile.java:273)
	at java.base/java.io.RandomAccessFile.<init>(RandomAccessFile.java:223)
	at fr.xephi.authme.libs.com.maxmind.db.BufferHolder.<init>(BufferHolder.java:20)
	at fr.xephi.authme.libs.com.maxmind.db.Reader.<init>(Reader.java:121)
	at fr.xephi.authme.service.GeoIpService.startReading(GeoIpService.java:173)
	at fr.xephi.authme.service.GeoIpService.updateDatabase(GeoIpService.java:144)
	at org.bukkit.craftbukkit.v1_8_R3.scheduler.CraftTask.run(CraftTask.java:59)
	at org.bukkit.craftbukkit.v1_8_R3.scheduler.CraftAsyncTask.run(CraftAsyncTask.java:53)
	at org.github.paperspigot.ServerSchedulerReportingWrapper.run(ServerSchedulerReportingWrapper.java:23)
	at java.base/java.util.concurrent.ThreadPoolExecutor.runWorker(ThreadPoolExecutor.java:1144)
	at java.base/java.util.concurrent.ThreadPoolExecutor$Worker.run(ThreadPoolExecutor.java:642)
	at java.base/java.lang.Thread.run(Thread.java:1583)

[04-19 19:20:17]: [FINE] Agggpro1 registered 0:0:0:0:0:0:0:1
[04-19 19:20:17]: [FINE] The user Agggpro1 has 4 accounts:
[04-19 19:20:17]: [FINE] §7darveryigg150, imcumming, sgconnor5772, §aAgggpro1§7.
[04-19 19:20:17]: [FINE] Agggpro1 logged in 0:0:0:0:0:0:0:1
[04-19 19:41:26]: [INFO] AuthMe 5.6.0-SNAPSHOT-bCUSTOM disabled!
[04-19 19:41:46]: [INFO] SQLite Setup finished
[04-19 19:41:46]: [INFO] No supported permissions system found! Permissions are disabled!
[04-19 19:41:47]: [INFO] Hooked successfully into Essentials
[04-19 19:41:47]: [INFO] Essentials spawn file not found: '/workspaces/GGeSMP-NETWORK/server/plugins/Essentials/spawn.yml'
[04-19 19:41:47]: [WARN] WARNING! The protectInventory feature requires ProtocolLib! Disabling it...
[04-19 19:41:47]: [INFO] AuthMe 5.6.0-SNAPSHOT build n.CUSTOM successfully enabled!
[04-19 19:41:53]: [INFO] Downloading GEO IP database, because the old database is older than 30 days or doesn't exist
[04-19 19:41:53]: [WARN] No MaxMind credentials found in the configuration file! GeoIp protections will be disabled.
[04-19 19:41:53]: [INFO] There is no newer GEO IP database uploaded to MaxMind. Using the old one for now.
[04-19 19:41:53]: [WARN] Could not download GeoLiteAPI database [FileNotFoundException]: plugins/AuthMe/GeoLite2-Country.mmdb (No such file or directory)
[04-19 19:41:53]: java.io.FileNotFoundException: plugins/AuthMe/GeoLite2-Country.mmdb (No such file or directory)
	at java.base/java.io.RandomAccessFile.open0(Native Method)
	at java.base/java.io.RandomAccessFile.open(RandomAccessFile.java:356)
	at java.base/java.io.RandomAccessFile.<init>(RandomAccessFile.java:273)
	at java.base/java.io.RandomAccessFile.<init>(RandomAccessFile.java:223)
	at fr.xephi.authme.libs.com.maxmind.db.BufferHolder.<init>(BufferHolder.java:20)
	at fr.xephi.authme.libs.com.maxmind.db.Reader.<init>(Reader.java:121)
	at fr.xephi.authme.service.GeoIpService.startReading(GeoIpService.java:173)
	at fr.xephi.authme.service.GeoIpService.updateDatabase(GeoIpService.java:144)
	at org.bukkit.craftbukkit.v1_8_R3.scheduler.CraftTask.run(CraftTask.java:59)
	at org.bukkit.craftbukkit.v1_8_R3.scheduler.CraftAsyncTask.run(CraftAsyncTask.java:53)
	at org.github.paperspigot.ServerSchedulerReportingWrapper.run(ServerSchedulerReportingWrapper.java:23)
	at java.base/java.util.concurrent.ThreadPoolExecutor.runWorker(ThreadPoolExecutor.java:1144)
	at java.base/java.util.concurrent.ThreadPoolExecutor$Worker.run(ThreadPoolExecutor.java:642)
	at java.base/java.lang.Thread.run(Thread.java:1583)

[04-24 16:24:05]: [INFO] SQLite Setup finished
[04-24 16:24:05]: [INFO] No supported permissions system found! Permissions are disabled!
[04-24 16:24:05]: [INFO] Hooked successfully into Essentials
[04-24 16:24:05]: [INFO] Essentials spawn file not found: '/workspaces/GGeSMP-NETWORK/server/plugins/Essentials/spawn.yml'
[04-24 16:24:05]: [WARN] WARNING! The protectInventory feature requires ProtocolLib! Disabling it...
[04-24 16:24:05]: [INFO] AuthMe 5.6.0-SNAPSHOT build n.CUSTOM successfully enabled!
[04-24 16:24:12]: [INFO] Downloading GEO IP database, because the old database is older than 30 days or doesn't exist
[04-24 16:24:12]: [WARN] No MaxMind credentials found in the configuration file! GeoIp protections will be disabled.
[04-24 16:24:12]: [INFO] There is no newer GEO IP database uploaded to MaxMind. Using the old one for now.
[04-24 16:24:12]: [WARN] Could not download GeoLiteAPI database [FileNotFoundException]: plugins/AuthMe/GeoLite2-Country.mmdb (No such file or directory)
[04-24 16:24:12]: java.io.FileNotFoundException: plugins/AuthMe/GeoLite2-Country.mmdb (No such file or directory)
	at java.base/java.io.RandomAccessFile.open0(Native Method)
	at java.base/java.io.RandomAccessFile.open(RandomAccessFile.java:356)
	at java.base/java.io.RandomAccessFile.<init>(RandomAccessFile.java:273)
	at java.base/java.io.RandomAccessFile.<init>(RandomAccessFile.java:223)
	at fr.xephi.authme.libs.com.maxmind.db.BufferHolder.<init>(BufferHolder.java:20)
	at fr.xephi.authme.libs.com.maxmind.db.Reader.<init>(Reader.java:121)
	at fr.xephi.authme.service.GeoIpService.startReading(GeoIpService.java:173)
	at fr.xephi.authme.service.GeoIpService.updateDatabase(GeoIpService.java:144)
	at org.bukkit.craftbukkit.v1_8_R3.scheduler.CraftTask.run(CraftTask.java:59)
	at org.bukkit.craftbukkit.v1_8_R3.scheduler.CraftAsyncTask.run(CraftAsyncTask.java:53)
	at org.github.paperspigot.ServerSchedulerReportingWrapper.run(ServerSchedulerReportingWrapper.java:23)
	at java.base/java.util.concurrent.ThreadPoolExecutor.runWorker(ThreadPoolExecutor.java:1144)
	at java.base/java.util.concurrent.ThreadPoolExecutor$Worker.run(ThreadPoolExecutor.java:642)
	at java.base/java.lang.Thread.run(Thread.java:1583)

[04-24 18:04:11]: [INFO] SQLite Setup finished
[04-24 18:04:11]: [INFO] No supported permissions system found! Permissions are disabled!
[04-24 18:04:11]: [INFO] Hooked successfully into Essentials
[04-24 18:04:11]: [INFO] Essentials spawn file not found: '/workspaces/GGeSMP-NETWORK/server/plugins/Essentials/spawn.yml'
[04-24 18:04:11]: [WARN] WARNING! The protectInventory feature requires ProtocolLib! Disabling it...
[04-24 18:04:11]: [INFO] AuthMe 5.6.0-SNAPSHOT build n.CUSTOM successfully enabled!
[04-24 18:04:18]: [INFO] Downloading GEO IP database, because the old database is older than 30 days or doesn't exist
[04-24 18:04:18]: [WARN] No MaxMind credentials found in the configuration file! GeoIp protections will be disabled.
[04-24 18:04:18]: [INFO] There is no newer GEO IP database uploaded to MaxMind. Using the old one for now.
[04-24 18:04:18]: [WARN] Could not download GeoLiteAPI database [FileNotFoundException]: plugins/AuthMe/GeoLite2-Country.mmdb (No such file or directory)
[04-24 18:04:18]: java.io.FileNotFoundException: plugins/AuthMe/GeoLite2-Country.mmdb (No such file or directory)
	at java.base/java.io.RandomAccessFile.open0(Native Method)
	at java.base/java.io.RandomAccessFile.open(RandomAccessFile.java:356)
	at java.base/java.io.RandomAccessFile.<init>(RandomAccessFile.java:273)
	at java.base/java.io.RandomAccessFile.<init>(RandomAccessFile.java:223)
	at fr.xephi.authme.libs.com.maxmind.db.BufferHolder.<init>(BufferHolder.java:20)
	at fr.xephi.authme.libs.com.maxmind.db.Reader.<init>(Reader.java:121)
	at fr.xephi.authme.service.GeoIpService.startReading(GeoIpService.java:173)
	at fr.xephi.authme.service.GeoIpService.updateDatabase(GeoIpService.java:144)
	at org.bukkit.craftbukkit.v1_8_R3.scheduler.CraftTask.run(CraftTask.java:59)
	at org.bukkit.craftbukkit.v1_8_R3.scheduler.CraftAsyncTask.run(CraftAsyncTask.java:53)
	at org.github.paperspigot.ServerSchedulerReportingWrapper.run(ServerSchedulerReportingWrapper.java:23)
	at java.base/java.util.concurrent.ThreadPoolExecutor.runWorker(ThreadPoolExecutor.java:1144)
	at java.base/java.util.concurrent.ThreadPoolExecutor$Worker.run(ThreadPoolExecutor.java:642)
	at java.base/java.lang.Thread.run(Thread.java:1583)

[04-25 16:29:32]: [INFO] SQLite Setup finished
[04-25 16:29:32]: [INFO] No supported permissions system found! Permissions are disabled!
[04-25 16:29:32]: [INFO] Hooked successfully into Essentials
[04-25 16:29:33]: [INFO] Essentials spawn file not found: '/workspaces/GGeSMP-NETWORK/server/plugins/Essentials/spawn.yml'
[04-25 16:29:33]: [WARN] WARNING! The protectInventory feature requires ProtocolLib! Disabling it...
[04-25 16:29:33]: [INFO] AuthMe 5.6.0-SNAPSHOT build n.CUSTOM successfully enabled!
[04-25 16:29:40]: [INFO] Downloading GEO IP database, because the old database is older than 30 days or doesn't exist
[04-25 16:29:40]: [WARN] No MaxMind credentials found in the configuration file! GeoIp protections will be disabled.
[04-25 16:29:40]: [INFO] There is no newer GEO IP database uploaded to MaxMind. Using the old one for now.
[04-25 16:29:40]: [WARN] Could not download GeoLiteAPI database [FileNotFoundException]: plugins/AuthMe/GeoLite2-Country.mmdb (No such file or directory)
[04-25 16:29:40]: java.io.FileNotFoundException: plugins/AuthMe/GeoLite2-Country.mmdb (No such file or directory)
	at java.base/java.io.RandomAccessFile.open0(Native Method)
	at java.base/java.io.RandomAccessFile.open(RandomAccessFile.java:356)
	at java.base/java.io.RandomAccessFile.<init>(RandomAccessFile.java:273)
	at java.base/java.io.RandomAccessFile.<init>(RandomAccessFile.java:223)
	at fr.xephi.authme.libs.com.maxmind.db.BufferHolder.<init>(BufferHolder.java:20)
	at fr.xephi.authme.libs.com.maxmind.db.Reader.<init>(Reader.java:121)
	at fr.xephi.authme.service.GeoIpService.startReading(GeoIpService.java:173)
	at fr.xephi.authme.service.GeoIpService.updateDatabase(GeoIpService.java:144)
	at org.bukkit.craftbukkit.v1_8_R3.scheduler.CraftTask.run(CraftTask.java:59)
	at org.bukkit.craftbukkit.v1_8_R3.scheduler.CraftAsyncTask.run(CraftAsyncTask.java:53)
	at org.github.paperspigot.ServerSchedulerReportingWrapper.run(ServerSchedulerReportingWrapper.java:23)
	at java.base/java.util.concurrent.ThreadPoolExecutor.runWorker(ThreadPoolExecutor.java:1144)
	at java.base/java.util.concurrent.ThreadPoolExecutor$Worker.run(ThreadPoolExecutor.java:642)
	at java.base/java.lang.Thread.run(Thread.java:1583)

[04-25 16:32:45]: [INFO] AuthMe 5.6.0-SNAPSHOT-bCUSTOM disabled!
[04-25 16:33:34]: [INFO] SQLite Setup finished
[04-25 16:33:34]: [INFO] No supported permissions system found! Permissions are disabled!
[04-25 16:33:35]: [INFO] Hooked successfully into Essentials
[04-25 16:33:35]: [INFO] Essentials spawn file not found: '/workspaces/GGeSMP-NETWORK/server/plugins/Essentials/spawn.yml'
[04-25 16:33:35]: [WARN] WARNING! The protectInventory feature requires ProtocolLib! Disabling it...
[04-25 16:33:35]: [INFO] AuthMe 5.6.0-SNAPSHOT build n.CUSTOM successfully enabled!
[04-25 16:33:42]: [INFO] Downloading GEO IP database, because the old database is older than 30 days or doesn't exist
[04-25 16:33:42]: [WARN] No MaxMind credentials found in the configuration file! GeoIp protections will be disabled.
[04-25 16:33:42]: [INFO] There is no newer GEO IP database uploaded to MaxMind. Using the old one for now.
[04-25 16:33:42]: [WARN] Could not download GeoLiteAPI database [FileNotFoundException]: plugins/AuthMe/GeoLite2-Country.mmdb (No such file or directory)
[04-25 16:33:42]: java.io.FileNotFoundException: plugins/AuthMe/GeoLite2-Country.mmdb (No such file or directory)
	at java.base/java.io.RandomAccessFile.open0(Native Method)
	at java.base/java.io.RandomAccessFile.open(RandomAccessFile.java:356)
	at java.base/java.io.RandomAccessFile.<init>(RandomAccessFile.java:273)
	at java.base/java.io.RandomAccessFile.<init>(RandomAccessFile.java:223)
	at fr.xephi.authme.libs.com.maxmind.db.BufferHolder.<init>(BufferHolder.java:20)
	at fr.xephi.authme.libs.com.maxmind.db.Reader.<init>(Reader.java:121)
	at fr.xephi.authme.service.GeoIpService.startReading(GeoIpService.java:173)
	at fr.xephi.authme.service.GeoIpService.updateDatabase(GeoIpService.java:144)
	at org.bukkit.craftbukkit.v1_8_R3.scheduler.CraftTask.run(CraftTask.java:59)
	at org.bukkit.craftbukkit.v1_8_R3.scheduler.CraftAsyncTask.run(CraftAsyncTask.java:53)
	at org.github.paperspigot.ServerSchedulerReportingWrapper.run(ServerSchedulerReportingWrapper.java:23)
	at java.base/java.util.concurrent.ThreadPoolExecutor.runWorker(ThreadPoolExecutor.java:1144)
	at java.base/java.util.concurrent.ThreadPoolExecutor$Worker.run(ThreadPoolExecutor.java:642)
	at java.base/java.lang.Thread.run(Thread.java:1583)

[04-25 18:18:40]: [INFO] SQLite Setup finished
[04-25 18:18:40]: [INFO] No supported permissions system found! Permissions are disabled!
[04-25 18:18:40]: [INFO] Hooked successfully into Essentials
[04-25 18:18:40]: [INFO] Essentials spawn file not found: '/workspaces/GGeSMP-NETWORK/server/plugins/Essentials/spawn.yml'
[04-25 18:18:40]: [WARN] WARNING! The protectInventory feature requires ProtocolLib! Disabling it...
[04-25 18:18:40]: [INFO] AuthMe 5.6.0-SNAPSHOT build n.CUSTOM successfully enabled!
[04-25 18:18:47]: [INFO] Downloading GEO IP database, because the old database is older than 30 days or doesn't exist
[04-25 18:18:47]: [WARN] No MaxMind credentials found in the configuration file! GeoIp protections will be disabled.
[04-25 18:18:47]: [INFO] There is no newer GEO IP database uploaded to MaxMind. Using the old one for now.
[04-25 18:18:47]: [WARN] Could not download GeoLiteAPI database [FileNotFoundException]: plugins/AuthMe/GeoLite2-Country.mmdb (No such file or directory)
[04-25 18:18:47]: java.io.FileNotFoundException: plugins/AuthMe/GeoLite2-Country.mmdb (No such file or directory)
	at java.base/java.io.RandomAccessFile.open0(Native Method)
	at java.base/java.io.RandomAccessFile.open(RandomAccessFile.java:356)
	at java.base/java.io.RandomAccessFile.<init>(RandomAccessFile.java:273)
	at java.base/java.io.RandomAccessFile.<init>(RandomAccessFile.java:223)
	at fr.xephi.authme.libs.com.maxmind.db.BufferHolder.<init>(BufferHolder.java:20)
	at fr.xephi.authme.libs.com.maxmind.db.Reader.<init>(Reader.java:121)
	at fr.xephi.authme.service.GeoIpService.startReading(GeoIpService.java:173)
	at fr.xephi.authme.service.GeoIpService.updateDatabase(GeoIpService.java:144)
	at org.bukkit.craftbukkit.v1_8_R3.scheduler.CraftTask.run(CraftTask.java:59)
	at org.bukkit.craftbukkit.v1_8_R3.scheduler.CraftAsyncTask.run(CraftAsyncTask.java:53)
	at org.github.paperspigot.ServerSchedulerReportingWrapper.run(ServerSchedulerReportingWrapper.java:23)
	at java.base/java.util.concurrent.ThreadPoolExecutor.runWorker(ThreadPoolExecutor.java:1144)
	at java.base/java.util.concurrent.ThreadPoolExecutor$Worker.run(ThreadPoolExecutor.java:642)
	at java.base/java.lang.Thread.run(Thread.java:1583)

[04-25 18:18:57]: [INFO] AuthMe 5.6.0-SNAPSHOT-bCUSTOM disabled!
[04-25 18:19:55]: [INFO] SQLite Setup finished
[04-25 18:19:55]: [INFO] No supported permissions system found! Permissions are disabled!
[04-25 18:19:55]: [INFO] Hooked successfully into Essentials
[04-25 18:19:55]: [INFO] Essentials spawn file not found: '/workspaces/GGeSMP-NETWORK/server/plugins/Essentials/spawn.yml'
[04-25 18:19:55]: [WARN] WARNING! The protectInventory feature requires ProtocolLib! Disabling it...
[04-25 18:19:55]: [INFO] AuthMe 5.6.0-SNAPSHOT build n.CUSTOM successfully enabled!
[04-25 18:20:02]: [INFO] Downloading GEO IP database, because the old database is older than 30 days or doesn't exist
[04-25 18:20:02]: [WARN] No MaxMind credentials found in the configuration file! GeoIp protections will be disabled.
[04-25 18:20:02]: [INFO] There is no newer GEO IP database uploaded to MaxMind. Using the old one for now.
[04-25 18:20:02]: [WARN] Could not download GeoLiteAPI database [FileNotFoundException]: plugins/AuthMe/GeoLite2-Country.mmdb (No such file or directory)
[04-25 18:20:02]: java.io.FileNotFoundException: plugins/AuthMe/GeoLite2-Country.mmdb (No such file or directory)
	at java.base/java.io.RandomAccessFile.open0(Native Method)
	at java.base/java.io.RandomAccessFile.open(RandomAccessFile.java:356)
	at java.base/java.io.RandomAccessFile.<init>(RandomAccessFile.java:273)
	at java.base/java.io.RandomAccessFile.<init>(RandomAccessFile.java:223)
	at fr.xephi.authme.libs.com.maxmind.db.BufferHolder.<init>(BufferHolder.java:20)
	at fr.xephi.authme.libs.com.maxmind.db.Reader.<init>(Reader.java:121)
	at fr.xephi.authme.service.GeoIpService.startReading(GeoIpService.java:173)
	at fr.xephi.authme.service.GeoIpService.updateDatabase(GeoIpService.java:144)
	at org.bukkit.craftbukkit.v1_8_R3.scheduler.CraftTask.run(CraftTask.java:59)
	at org.bukkit.craftbukkit.v1_8_R3.scheduler.CraftAsyncTask.run(CraftAsyncTask.java:53)
	at org.github.paperspigot.ServerSchedulerReportingWrapper.run(ServerSchedulerReportingWrapper.java:23)
	at java.base/java.util.concurrent.ThreadPoolExecutor.runWorker(ThreadPoolExecutor.java:1144)
	at java.base/java.util.concurrent.ThreadPoolExecutor$Worker.run(ThreadPoolExecutor.java:642)
	at java.base/java.lang.Thread.run(Thread.java:1583)

[04-26 12:06:32]: [INFO] SQLite Setup finished
[04-26 12:06:32]: [INFO] No supported permissions system found! Permissions are disabled!
[04-26 12:06:32]: [INFO] Hooked successfully into Essentials
[04-26 12:06:32]: [INFO] Essentials spawn file not found: '/workspaces/GGeSMP-NETWORK/server/plugins/Essentials/spawn.yml'
[04-26 12:06:32]: [WARN] WARNING! The protectInventory feature requires ProtocolLib! Disabling it...
[04-26 12:06:32]: [INFO] AuthMe 5.6.0-SNAPSHOT build n.CUSTOM successfully enabled!
[04-26 12:06:39]: [INFO] Downloading GEO IP database, because the old database is older than 30 days or doesn't exist
[04-26 12:06:39]: [WARN] No MaxMind credentials found in the configuration file! GeoIp protections will be disabled.
[04-26 12:06:39]: [INFO] There is no newer GEO IP database uploaded to MaxMind. Using the old one for now.
[04-26 12:06:39]: [WARN] Could not download GeoLiteAPI database [FileNotFoundException]: plugins/AuthMe/GeoLite2-Country.mmdb (No such file or directory)
[04-26 12:06:39]: java.io.FileNotFoundException: plugins/AuthMe/GeoLite2-Country.mmdb (No such file or directory)
	at java.base/java.io.RandomAccessFile.open0(Native Method)
	at java.base/java.io.RandomAccessFile.open(RandomAccessFile.java:356)
	at java.base/java.io.RandomAccessFile.<init>(RandomAccessFile.java:273)
	at java.base/java.io.RandomAccessFile.<init>(RandomAccessFile.java:223)
	at fr.xephi.authme.libs.com.maxmind.db.BufferHolder.<init>(BufferHolder.java:20)
	at fr.xephi.authme.libs.com.maxmind.db.Reader.<init>(Reader.java:121)
	at fr.xephi.authme.service.GeoIpService.startReading(GeoIpService.java:173)
	at fr.xephi.authme.service.GeoIpService.updateDatabase(GeoIpService.java:144)
	at org.bukkit.craftbukkit.v1_8_R3.scheduler.CraftTask.run(CraftTask.java:59)
	at org.bukkit.craftbukkit.v1_8_R3.scheduler.CraftAsyncTask.run(CraftAsyncTask.java:53)
	at org.github.paperspigot.ServerSchedulerReportingWrapper.run(ServerSchedulerReportingWrapper.java:23)
	at java.base/java.util.concurrent.ThreadPoolExecutor.runWorker(ThreadPoolExecutor.java:1144)
	at java.base/java.util.concurrent.ThreadPoolExecutor$Worker.run(ThreadPoolExecutor.java:642)
	at java.base/java.lang.Thread.run(Thread.java:1583)

[04-26 18:26:12]: [INFO] SQLite Setup finished
[04-26 18:26:12]: [INFO] No supported permissions system found! Permissions are disabled!
[04-26 18:26:12]: [INFO] Hooked successfully into Essentials
[04-26 18:26:12]: [INFO] Essentials spawn file not found: '/workspaces/GGeSMP-NETWORK/server/plugins/Essentials/spawn.yml'
[04-26 18:26:12]: [WARN] WARNING! The protectInventory feature requires ProtocolLib! Disabling it...
[04-26 18:26:12]: [INFO] AuthMe 5.6.0-SNAPSHOT build n.CUSTOM successfully enabled!
[04-26 18:26:19]: [INFO] Downloading GEO IP database, because the old database is older than 30 days or doesn't exist
[04-26 18:26:19]: [WARN] No MaxMind credentials found in the configuration file! GeoIp protections will be disabled.
[04-26 18:26:19]: [INFO] There is no newer GEO IP database uploaded to MaxMind. Using the old one for now.
[04-26 18:26:19]: [WARN] Could not download GeoLiteAPI database [FileNotFoundException]: plugins/AuthMe/GeoLite2-Country.mmdb (No such file or directory)
[04-26 18:26:19]: java.io.FileNotFoundException: plugins/AuthMe/GeoLite2-Country.mmdb (No such file or directory)
	at java.base/java.io.RandomAccessFile.open0(Native Method)
	at java.base/java.io.RandomAccessFile.open(RandomAccessFile.java:356)
	at java.base/java.io.RandomAccessFile.<init>(RandomAccessFile.java:273)
	at java.base/java.io.RandomAccessFile.<init>(RandomAccessFile.java:223)
	at fr.xephi.authme.libs.com.maxmind.db.BufferHolder.<init>(BufferHolder.java:20)
	at fr.xephi.authme.libs.com.maxmind.db.Reader.<init>(Reader.java:121)
	at fr.xephi.authme.service.GeoIpService.startReading(GeoIpService.java:173)
	at fr.xephi.authme.service.GeoIpService.updateDatabase(GeoIpService.java:144)
	at org.bukkit.craftbukkit.v1_8_R3.scheduler.CraftTask.run(CraftTask.java:59)
	at org.bukkit.craftbukkit.v1_8_R3.scheduler.CraftAsyncTask.run(CraftAsyncTask.java:53)
	at org.github.paperspigot.ServerSchedulerReportingWrapper.run(ServerSchedulerReportingWrapper.java:23)
	at java.base/java.util.concurrent.ThreadPoolExecutor.runWorker(ThreadPoolExecutor.java:1144)
	at java.base/java.util.concurrent.ThreadPoolExecutor$Worker.run(ThreadPoolExecutor.java:642)
	at java.base/java.lang.Thread.run(Thread.java:1583)

[04-26 18:45:23]: [FINE] The user Agggpro1 has 4 accounts:
[04-26 18:45:23]: [FINE] §7darveryigg150, imcumming, sgconnor5772, §aAgggpro1§7.
[04-26 18:45:23]: [FINE] Agggpro1 logged in 0:0:0:0:0:0:0:1
[04-29 19:31:26]: [INFO] SQLite Setup finished
[04-29 19:31:26]: [INFO] No supported permissions system found! Permissions are disabled!
[04-29 19:31:26]: [INFO] Hooked successfully into Essentials
[04-29 19:31:26]: [INFO] Essentials spawn file not found: '/workspaces/GGeSMP-NETWORK/server/plugins/Essentials/spawn.yml'
[04-29 19:31:26]: [WARN] WARNING! The protectInventory feature requires ProtocolLib! Disabling it...
[04-29 19:31:27]: [INFO] AuthMe 5.6.0-SNAPSHOT build n.CUSTOM successfully enabled!
[04-29 19:31:34]: [INFO] Downloading GEO IP database, because the old database is older than 30 days or doesn't exist
[04-29 19:31:34]: [WARN] No MaxMind credentials found in the configuration file! GeoIp protections will be disabled.
[04-29 19:31:34]: [INFO] There is no newer GEO IP database uploaded to MaxMind. Using the old one for now.
[04-29 19:31:34]: [WARN] Could not download GeoLiteAPI database [FileNotFoundException]: plugins/AuthMe/GeoLite2-Country.mmdb (No such file or directory)
[04-29 19:31:34]: java.io.FileNotFoundException: plugins/AuthMe/GeoLite2-Country.mmdb (No such file or directory)
	at java.base/java.io.RandomAccessFile.open0(Native Method)
	at java.base/java.io.RandomAccessFile.open(RandomAccessFile.java:356)
	at java.base/java.io.RandomAccessFile.<init>(RandomAccessFile.java:273)
	at java.base/java.io.RandomAccessFile.<init>(RandomAccessFile.java:223)
	at fr.xephi.authme.libs.com.maxmind.db.BufferHolder.<init>(BufferHolder.java:20)
	at fr.xephi.authme.libs.com.maxmind.db.Reader.<init>(Reader.java:121)
	at fr.xephi.authme.service.GeoIpService.startReading(GeoIpService.java:173)
	at fr.xephi.authme.service.GeoIpService.updateDatabase(GeoIpService.java:144)
	at org.bukkit.craftbukkit.v1_8_R3.scheduler.CraftTask.run(CraftTask.java:59)
	at org.bukkit.craftbukkit.v1_8_R3.scheduler.CraftAsyncTask.run(CraftAsyncTask.java:53)
	at org.github.paperspigot.ServerSchedulerReportingWrapper.run(ServerSchedulerReportingWrapper.java:23)
	at java.base/java.util.concurrent.ThreadPoolExecutor.runWorker(ThreadPoolExecutor.java:1144)
	at java.base/java.util.concurrent.ThreadPoolExecutor$Worker.run(ThreadPoolExecutor.java:642)
	at java.base/java.lang.Thread.run(Thread.java:1583)

[05-02 13:12:14]: [INFO] SQLite Setup finished
[05-02 13:12:14]: [INFO] No supported permissions system found! Permissions are disabled!
[05-02 13:12:14]: [INFO] Hooked successfully into Essentials
[05-02 13:12:14]: [INFO] Essentials spawn file not found: '/workspaces/GGeSMP-NETWORK/server/plugins/Essentials/spawn.yml'
[05-02 13:12:14]: [WARN] WARNING! The protectInventory feature requires ProtocolLib! Disabling it...
[05-02 13:12:15]: [INFO] AuthMe 5.6.0-SNAPSHOT build n.CUSTOM successfully enabled!
[05-02 13:12:23]: [INFO] Downloading GEO IP database, because the old database is older than 30 days or doesn't exist
[05-02 13:12:23]: [WARN] No MaxMind credentials found in the configuration file! GeoIp protections will be disabled.
[05-02 13:12:23]: [INFO] There is no newer GEO IP database uploaded to MaxMind. Using the old one for now.
[05-02 13:12:23]: [WARN] Could not download GeoLiteAPI database [FileNotFoundException]: plugins/AuthMe/GeoLite2-Country.mmdb (No such file or directory)
[05-02 13:12:23]: java.io.FileNotFoundException: plugins/AuthMe/GeoLite2-Country.mmdb (No such file or directory)
	at java.base/java.io.RandomAccessFile.open0(Native Method)
	at java.base/java.io.RandomAccessFile.open(RandomAccessFile.java:356)
	at java.base/java.io.RandomAccessFile.<init>(RandomAccessFile.java:273)
	at java.base/java.io.RandomAccessFile.<init>(RandomAccessFile.java:223)
	at fr.xephi.authme.libs.com.maxmind.db.BufferHolder.<init>(BufferHolder.java:20)
	at fr.xephi.authme.libs.com.maxmind.db.Reader.<init>(Reader.java:121)
	at fr.xephi.authme.service.GeoIpService.startReading(GeoIpService.java:173)
	at fr.xephi.authme.service.GeoIpService.updateDatabase(GeoIpService.java:144)
	at org.bukkit.craftbukkit.v1_8_R3.scheduler.CraftTask.run(CraftTask.java:59)
	at org.bukkit.craftbukkit.v1_8_R3.scheduler.CraftAsyncTask.run(CraftAsyncTask.java:53)
	at org.github.paperspigot.ServerSchedulerReportingWrapper.run(ServerSchedulerReportingWrapper.java:23)
	at java.base/java.util.concurrent.ThreadPoolExecutor.runWorker(ThreadPoolExecutor.java:1144)
	at java.base/java.util.concurrent.ThreadPoolExecutor$Worker.run(ThreadPoolExecutor.java:642)
	at java.base/java.lang.Thread.run(Thread.java:1583)

[05-03 12:41:15]: [INFO] SQLite Setup finished
[05-03 12:41:15]: [INFO] No supported permissions system found! Permissions are disabled!
[05-03 12:41:15]: [INFO] Hooked successfully into Essentials
[05-03 12:41:15]: [INFO] Essentials spawn file not found: '/workspaces/GGeSMP-NETWORK/server/plugins/Essentials/spawn.yml'
[05-03 12:41:15]: [WARN] WARNING! The protectInventory feature requires ProtocolLib! Disabling it...
[05-03 12:41:16]: [INFO] AuthMe 5.6.0-SNAPSHOT build n.CUSTOM successfully enabled!
[05-03 12:41:24]: [INFO] Downloading GEO IP database, because the old database is older than 30 days or doesn't exist
[05-03 12:41:24]: [WARN] No MaxMind credentials found in the configuration file! GeoIp protections will be disabled.
[05-03 12:41:24]: [INFO] There is no newer GEO IP database uploaded to MaxMind. Using the old one for now.
[05-03 12:41:24]: [WARN] Could not download GeoLiteAPI database [FileNotFoundException]: plugins/AuthMe/GeoLite2-Country.mmdb (No such file or directory)
[05-03 12:41:24]: java.io.FileNotFoundException: plugins/AuthMe/GeoLite2-Country.mmdb (No such file or directory)
	at java.base/java.io.RandomAccessFile.open0(Native Method)
	at java.base/java.io.RandomAccessFile.open(RandomAccessFile.java:356)
	at java.base/java.io.RandomAccessFile.<init>(RandomAccessFile.java:273)
	at java.base/java.io.RandomAccessFile.<init>(RandomAccessFile.java:223)
	at fr.xephi.authme.libs.com.maxmind.db.BufferHolder.<init>(BufferHolder.java:20)
	at fr.xephi.authme.libs.com.maxmind.db.Reader.<init>(Reader.java:121)
	at fr.xephi.authme.service.GeoIpService.startReading(GeoIpService.java:173)
	at fr.xephi.authme.service.GeoIpService.updateDatabase(GeoIpService.java:144)
	at org.bukkit.craftbukkit.v1_8_R3.scheduler.CraftTask.run(CraftTask.java:59)
	at org.bukkit.craftbukkit.v1_8_R3.scheduler.CraftAsyncTask.run(CraftAsyncTask.java:53)
	at org.github.paperspigot.ServerSchedulerReportingWrapper.run(ServerSchedulerReportingWrapper.java:23)
	at java.base/java.util.concurrent.ThreadPoolExecutor.runWorker(ThreadPoolExecutor.java:1144)
	at java.base/java.util.concurrent.ThreadPoolExecutor$Worker.run(ThreadPoolExecutor.java:642)
	at java.base/java.lang.Thread.run(Thread.java:1583)

[05-03 12:41:49]: [FINE] The user Agggpro1 has 4 accounts:
[05-03 12:41:49]: [FINE] §7darveryigg150, imcumming, sgconnor5772, §aAgggpro1§7.
[05-03 12:41:49]: [FINE] Agggpro1 logged in 0:0:0:0:0:0:0:1
[05-03 12:59:25]: [FINE] ihatemonkeys registered 0:0:0:0:0:0:0:1
[05-03 12:59:25]: [FINE] The user ihatemonkeys has 5 accounts:
[05-03 12:59:25]: [FINE] §7darveryigg150, imcumming, sgconnor5772, §aAgggpro1§7, §aihatemonkeys§7.
[05-03 12:59:25]: [FINE] ihatemonkeys logged in 0:0:0:0:0:0:0:1
[05-03 13:05:47]: [INFO] AuthMe 5.6.0-SNAPSHOT-bCUSTOM disabled!
[05-03 13:06:15]: [INFO] SQLite Setup finished
[05-03 13:06:15]: [INFO] No supported permissions system found! Permissions are disabled!
[05-03 13:06:15]: [INFO] Hooked successfully into Essentials
[05-03 13:06:15]: [INFO] Hooked successfully into Multiverse-Core
[05-03 13:06:15]: [INFO] Essentials spawn file not found: '/workspaces/GGeSMP-NETWORK/server/plugins/Essentials/spawn.yml'
[05-03 13:06:15]: [WARN] WARNING! The protectInventory feature requires ProtocolLib! Disabling it...
[05-03 13:06:15]: [INFO] AuthMe 5.6.0-SNAPSHOT build n.CUSTOM successfully enabled!
[05-03 13:06:15]: [INFO] Downloading GEO IP database, because the old database is older than 30 days or doesn't exist
[05-03 13:06:15]: [WARN] No MaxMind credentials found in the configuration file! GeoIp protections will be disabled.
[05-03 13:06:15]: [INFO] There is no newer GEO IP database uploaded to MaxMind. Using the old one for now.
[05-03 13:06:15]: [WARN] Could not download GeoLiteAPI database [FileNotFoundException]: plugins/AuthMe/GeoLite2-Country.mmdb (No such file or directory)
[05-03 13:06:15]: java.io.FileNotFoundException: plugins/AuthMe/GeoLite2-Country.mmdb (No such file or directory)
	at java.base/java.io.RandomAccessFile.open0(Native Method)
	at java.base/java.io.RandomAccessFile.open(RandomAccessFile.java:356)
	at java.base/java.io.RandomAccessFile.<init>(RandomAccessFile.java:273)
	at java.base/java.io.RandomAccessFile.<init>(RandomAccessFile.java:223)
	at fr.xephi.authme.libs.com.maxmind.db.BufferHolder.<init>(BufferHolder.java:20)
	at fr.xephi.authme.libs.com.maxmind.db.Reader.<init>(Reader.java:121)
	at fr.xephi.authme.service.GeoIpService.startReading(GeoIpService.java:173)
	at fr.xephi.authme.service.GeoIpService.updateDatabase(GeoIpService.java:144)
	at org.bukkit.craftbukkit.v1_8_R3.scheduler.CraftTask.run(CraftTask.java:59)
	at org.bukkit.craftbukkit.v1_8_R3.scheduler.CraftAsyncTask.run(CraftAsyncTask.java:53)
	at org.github.paperspigot.ServerSchedulerReportingWrapper.run(ServerSchedulerReportingWrapper.java:23)
	at java.base/java.util.concurrent.ThreadPoolExecutor.runWorker(ThreadPoolExecutor.java:1144)
	at java.base/java.util.concurrent.ThreadPoolExecutor$Worker.run(ThreadPoolExecutor.java:642)
	at java.base/java.lang.Thread.run(Thread.java:1583)

[05-03 13:06:58]: [FINE] The user Agggpro1 has 5 accounts:
[05-03 13:06:58]: [FINE] §7darveryigg150, imcumming, sgconnor5772, §aAgggpro1§7, §aihatemonkeys§7.
[05-03 13:06:58]: [FINE] Agggpro1 logged in 0:0:0:0:0:0:0:1
[05-03 13:07:06]: [FINE] The user ihatemonkeys has 5 accounts:
[05-03 13:07:06]: [FINE] §7darveryigg150, imcumming, sgconnor5772, §aAgggpro1§7, §aihatemonkeys§7.
[05-03 13:07:06]: [FINE] ihatemonkeys logged in 0:0:0:0:0:0:0:1
[05-03 13:16:36]: [INFO] AuthMe 5.6.0-SNAPSHOT-bCUSTOM disabled!
