[12:06:25] [Server thread/INFO]: Starting minecraft server version 1.8.8
[12:06:25] [Server thread/INFO]: Loading properties
[12:06:25] [Server thread/INFO]: Default game type: SURVIVAL
[12:06:25] [Server thread/INFO]: This server is running CraftBukkit version git-PaperSpigot-445 (MC: 1.8.8) (Implementing API version 1.8.8-R0.1-SNAPSHOT)
[12:06:25] [Server thread/INFO]: Debug logging is disabled
[12:06:25] [Server thread/INFO]: Spigot Timings: true - Verbose: true - Interval: 5m - Length: 60m
[12:06:25] [Server thread/INFO]: Server Ping Player Sample Count: 12

[12:06:25] [Server thread/INFO]: Using 4 threads for Netty based IO
[12:06:25] [Server thread/INFO]: Data value allowed items: 
[12:06:25] [Server thread/WARN]: java.lang.NoSuchFieldException: modifiers

[12:06:25] [Server thread/WARN]: 	at java.base/java.lang.Class.getDeclaredField(Class.java:2782)

[12:06:25] [Server thread/WARN]: 	at org.github.paperspigot.PaperSpigotConfig.stackableBuckets(PaperSpigotConfig.java:192)

[12:06:25] [Server thread/WARN]: 	at java.base/jdk.internal.reflect.DirectMethodHandleAccessor.invoke(DirectMethodHandleAccessor.java:103)

[12:06:25] [Server thread/WARN]: 	at java.base/java.lang.reflect.Method.invoke(Method.java:580)

[12:06:25] [Server thread/WARN]: 	at org.github.paperspigot.PaperSpigotConfig.readConfig(PaperSpigotConfig.java:84)

[12:06:25] [Server thread/WARN]: 	at org.github.paperspigot.PaperSpigotConfig.init(PaperSpigotConfig.java:62)

[12:06:25] [Server thread/WARN]: 	at net.minecraft.server.v1_8_R3.DedicatedServer.init(DedicatedServer.java:181)

[12:06:25] [Server thread/WARN]: 	at net.minecraft.server.v1_8_R3.MinecraftServer.run(MinecraftServer.java:563)

[12:06:25] [Server thread/WARN]: 	at java.base/java.lang.Thread.run(Thread.java:1583)

[12:06:25] [Server thread/INFO]: Generating keypair
[12:06:25] [Server thread/INFO]: Starting Minecraft server on localhost:25565
[12:06:25] [Server thread/INFO]: Your platform does not provide complete low-level API for accessing direct buffers reliably. Unless explicitly requested, heap buffer will always be preferred to avoid potential system unstability.
[12:06:25] [Server thread/INFO]: Using default channel type
[12:06:26] [Server thread/ERROR]: Ambiguous plugin name `EaglerPluginInstaller' for files `plugins/EaglerPluginInstaller.jar' and `plugins/EaglerPluginInstaller-1.1.5.jar' in `plugins'
[12:06:26] [Server thread/INFO]: Set PluginClassLoader as parallel capable
[12:06:26] [Server thread/ERROR]: Could not load 'plugins/Autorank-4.2.3.jar' in folder 'plugins'
org.bukkit.plugin.UnknownDependencyException: PluginLibrary
	at org.bukkit.plugin.SimplePluginManager.loadPlugins(SimplePluginManager.java:222) ~[patched_1.8.8.jar:git-PaperSpigot-445]
	at org.bukkit.craftbukkit.v1_8_R3.CraftServer.loadPlugins(CraftServer.java:293) ~[patched_1.8.8.jar:git-PaperSpigot-445]
	at net.minecraft.server.v1_8_R3.DedicatedServer.init(DedicatedServer.java:202) ~[patched_1.8.8.jar:git-PaperSpigot-445]
	at net.minecraft.server.v1_8_R3.MinecraftServer.run(MinecraftServer.java:563) ~[patched_1.8.8.jar:git-PaperSpigot-445]
	at java.lang.Thread.run(Thread.java:1583) [?:?]
[12:06:26] [Server thread/INFO]: [SimpleTpa] Loading SimpleTpa v6.4
[12:06:26] [Server thread/INFO]: [[EaglerPluginInstaller]] Loading EaglerPluginInstaller v1.1.4
[12:06:26] [Server thread/INFO]: [WorldEdit] Loading WorldEdit v6.1;no_git_id
[12:06:26] [Server thread/INFO]: [HealthBar] Loading HealthBar v1.8.3
[12:06:26] [Server thread/INFO]: [AntiXRay] Loading AntiXRay v1.9.0
[12:06:26] [Server thread/INFO]: [RPGHealthPlus] Loading RPGHealthPlus v1.2.0
[12:06:26] [Server thread/INFO]: [BitchFilter] Loading BitchFilter v1.0
[12:06:26] [Server thread/INFO]: [Essentials] Loading Essentials v2.20.1
[12:06:26] [Server thread/INFO]: [AuthMe] Loading AuthMe v5.6.0-SNAPSHOT-bCUSTOM
[12:06:26] [Server thread/INFO]: [SimpleHomes] Loading SimpleHomes v2.2
[12:06:26] [Server thread/INFO]: [PowerRanks] Loading PowerRanks v1.10.9R2
[12:06:26] [Server thread/INFO]: [[EaglerPluginUpdater]] Loading EaglerPluginUpdater v1.1.2
[12:06:26] [Server thread/INFO]: [PvPManager] Loading PvPManager v3.18
[12:06:26] [Server thread/INFO]: [PvPManager] Loading library HikariCP
[12:06:26] [Server thread/INFO]: [PvPManager] Library HikariCP loaded!
[12:06:26] [Server thread/INFO]: [PvPManager] Loading library slf4j-api
[12:06:26] [Server thread/INFO]: [PvPManager] Library slf4j-api loaded!
[12:06:26] [Server thread/INFO]: [SimpleSit] Loading SimpleSit v1.7.1
[12:06:26] [Server thread/INFO]: [ColoredTags] Loading ColoredTags v2.1.3
[12:06:26] [Server thread/INFO]: [Magic] Loading Magic v5.5.6
[12:06:26] [Server thread/INFO]: [PowerRanks] Enabling PowerRanks v1.10.9R2
[12:06:26] [Server thread/ERROR]: [PowerRanks] Plugin PowerRanks v1.10.9R2 has failed to register events for class nl.svenar.powerranks.bukkit.events.OnBlockChange because org/bukkit/event/block/MoistureChangeEvent does not exist.
[12:06:26] [Server thread/INFO]: [PowerRanks] 
[12:06:26] [Server thread/INFO]: [PowerRanks] === ------- LOADING CONFIGURATION ------ ===
[12:06:26] [Server thread/INFO]: [PowerRanks] Loading config file
[12:06:26] [Server thread/INFO]: [PowerRanks] Loading language file
[12:06:26] [Server thread/INFO]: [PowerRanks] Loading usertags file
[12:06:26] [Server thread/INFO]: [PowerRanks] Loading tablist file
[12:06:26] [Server thread/INFO]: [PowerRanks] 
[12:06:26] [Server thread/INFO]: [PowerRanks] === ---------- LOADING ADDONS ---------- ===
[12:06:26] [Server thread/INFO]: [PowerRanks] Loaded 0 add-on(s)!
[12:06:26] [Server thread/INFO]: [PowerRanks] 
[12:06:26] [Server thread/INFO]: [PowerRanks] === ----------- LOADING DATA ----------- ===
[12:06:26] [Server thread/INFO]: [PowerRanks] Loading player & rank data
[12:06:27] [Server thread/INFO]: [PowerRanks] 
[12:06:27] [Server thread/INFO]: [PowerRanks] === ------- LOADING PLUGIN HOOKS ------- ===
[12:06:27] [Server thread/INFO]: [PowerRanks] Checking for plugins to hook in to:
[12:06:27] [Server thread/INFO]: [PowerRanks] No other plugins found! Working stand-alone.
[12:06:27] [Server thread/INFO]: [PowerRanks] 
[12:06:27] [Server thread/INFO]: [PowerRanks] §b  ██████  ██████ §a  PowerRanks v1.10.9R2
[12:06:27] [Server thread/INFO]: [PowerRanks] §b  ██   ██ ██   ██§a  Running on PaperSpigot v445
[12:06:27] [Server thread/INFO]: [PowerRanks] §b  ██████  ██████ §a  Startup time: 689ms
[12:06:27] [Server thread/INFO]: [PowerRanks] §b  ██      ██   ██§a  Loaded 4 ranks and 5 players (YAML) 
[12:06:27] [Server thread/INFO]: [PowerRanks] §b  ██      ██   ██§c  
[12:06:27] [Server thread/INFO]: [PowerRanks] 
[12:06:27] [Server thread/INFO]: [PowerRanks] If you'd like to donate, please visit https://ko-fi.com/svenar
[12:06:27] [Server thread/INFO]: [PowerRanks] Checking for updates...
[12:06:27] [Server thread/WARN]: **** SERVER IS RUNNING IN OFFLINE/INSECURE MODE!
[12:06:27] [Server thread/WARN]: The server will make no attempt to authenticate usernames. Beware.
[12:06:27] [Server thread/WARN]: Whilst this makes it possible to use BungeeCord, unless access to your server is properly restricted, it also opens up the ability for hackers to connect with any username they choose.
[12:06:27] [Server thread/WARN]: Please see http://www.spigotmc.org/wiki/firewall-guide/ for further information.
[12:06:27] [Server thread/WARN]: To change this, set "online-mode" to "true" in the server.properties file.
[12:06:27] [Server thread/INFO]: **** Beginning UUID conversion, this may take A LONG time ****
[12:06:28] [Server thread/INFO]: Preparing level "world"
[12:06:28] [Server thread/INFO]: -------- World Settings For [world] --------
[12:06:28] [Server thread/INFO]: Mob Spawn Range: 4
[12:06:28] [Server thread/INFO]: Anti X-Ray: true
[12:06:28] [Server thread/INFO]: 	Engine Mode: 1
[12:06:28] [Server thread/INFO]: 	Hidden Blocks: [14, 15, 16, 21, 48, 49, 54, 56, 73, 74, 82, 129, 130]
[12:06:28] [Server thread/INFO]: 	Replace Blocks: [1, 5]
[12:06:28] [Server thread/INFO]: Nerfing mobs spawned from spawners: false
[12:06:28] [Server thread/INFO]: Cactus Growth Modifier: 100%
[12:06:28] [Server thread/INFO]: Cane Growth Modifier: 100%
[12:06:28] [Server thread/INFO]: Melon Growth Modifier: 100%
[12:06:28] [Server thread/INFO]: Mushroom Growth Modifier: 100%
[12:06:28] [Server thread/INFO]: Pumpkin Growth Modifier: 100%
[12:06:28] [Server thread/INFO]: Sapling Growth Modifier: 100%
[12:06:28] [Server thread/INFO]: Wheat Growth Modifier: 100%
[12:06:28] [Server thread/INFO]: NetherWart Growth Modifier: 100%
[12:06:28] [Server thread/INFO]: Entity Activation Range: An 32 / Mo 32 / Mi 16
[12:06:28] [Server thread/INFO]: Entity Tracking Range: Pl 48 / An 48 / Mo 48 / Mi 32 / Other 64
[12:06:28] [Server thread/INFO]: Hopper Transfer: 8 Hopper Check: 8 Hopper Amount: 1
[12:06:28] [Server thread/INFO]: Random Lighting Updates: false
[12:06:28] [Server thread/INFO]: Structure Info Saving: true
[12:06:28] [Server thread/INFO]: Sending up to 10 chunks per packet
[12:06:28] [Server thread/INFO]: Max Entity Collisions: 8
[12:06:28] [Server thread/INFO]: Custom Map Seeds:  Village: 10387312 Feature: 14357617
[12:06:28] [Server thread/INFO]: Max TNT Explosions: 100
[12:06:28] [Server thread/INFO]: Tile Max Tick Time: 50ms Entity max Tick Time: 50ms
[12:06:28] [Server thread/INFO]: Item Despawn Rate: 6000
[12:06:28] [Server thread/INFO]: Item Merge Radius: 2.5
[12:06:28] [Server thread/INFO]: Arrow Despawn Rate: 1200
[12:06:28] [Server thread/INFO]: Allow Zombie Pigmen to spawn from portal blocks: true
[12:06:28] [Server thread/INFO]: View Distance: 4
[12:06:28] [Server thread/INFO]: Zombie Aggressive Towards Villager: true
[12:06:28] [Server thread/INFO]: Chunks to Grow per Tick: 650
[12:06:28] [Server thread/INFO]: Clear tick list: false
[12:06:28] [Server thread/INFO]: Experience Merge Radius: 3.0
[12:06:28] [Server thread/INFO]: -------- World Settings For [world] --------
[12:06:28] [Server thread/INFO]: Player blocking damage multiplier set to 0.5
[12:06:28] [Server thread/INFO]: Living Entity Despawn Ranges:  Soft: 32 Hard: 128
[12:06:28] [Server thread/INFO]: Remove invalid mob spawner tile entities: true
[12:06:28] [Server thread/INFO]: Squids will spawn between Y: 45.0 and Y: 63.0
[12:06:28] [Server thread/INFO]: Max height for cactus growth 3. Max height for reed growth 3
[12:06:28] [Server thread/INFO]: Water over lava flow speed: 5
[12:06:28] [Server thread/INFO]: Fix TNT cannons: false
[12:06:28] [Server thread/INFO]: Allow undead horse types to be leashed: false
[12:06:28] [Server thread/INFO]: Keep spawn chunk loaded: true
[12:06:28] [Server thread/INFO]: World async lighting: false
[12:06:28] [Server thread/INFO]: WorldServer TickNextTick cap set at 10000
[12:06:28] [Server thread/INFO]: WorldServer TickNextTickList cap always processes redstone: false
[12:06:28] [Server thread/INFO]: -------- World Settings For [world_nether] --------
[12:06:28] [Server thread/INFO]: Mob Spawn Range: 4
[12:06:28] [Server thread/INFO]: Anti X-Ray: true
[12:06:28] [Server thread/INFO]: 	Engine Mode: 1
[12:06:28] [Server thread/INFO]: 	Hidden Blocks: [14, 15, 16, 21, 48, 49, 54, 56, 73, 74, 82, 129, 130]
[12:06:28] [Server thread/INFO]: 	Replace Blocks: [1, 5]
[12:06:28] [Server thread/INFO]: Nerfing mobs spawned from spawners: false
[12:06:28] [Server thread/INFO]: Cactus Growth Modifier: 100%
[12:06:28] [Server thread/INFO]: Cane Growth Modifier: 100%
[12:06:28] [Server thread/INFO]: Melon Growth Modifier: 100%
[12:06:28] [Server thread/INFO]: Mushroom Growth Modifier: 100%
[12:06:28] [Server thread/INFO]: Pumpkin Growth Modifier: 100%
[12:06:28] [Server thread/INFO]: Sapling Growth Modifier: 100%
[12:06:28] [Server thread/INFO]: Wheat Growth Modifier: 100%
[12:06:28] [Server thread/INFO]: NetherWart Growth Modifier: 100%
[12:06:28] [Server thread/INFO]: Entity Activation Range: An 32 / Mo 32 / Mi 16
[12:06:28] [Server thread/INFO]: Entity Tracking Range: Pl 48 / An 48 / Mo 48 / Mi 32 / Other 64
[12:06:28] [Server thread/INFO]: Hopper Transfer: 8 Hopper Check: 8 Hopper Amount: 1
[12:06:28] [Server thread/INFO]: Random Lighting Updates: false
[12:06:28] [Server thread/INFO]: Structure Info Saving: true
[12:06:28] [Server thread/INFO]: Sending up to 10 chunks per packet
[12:06:28] [Server thread/INFO]: Max Entity Collisions: 8
[12:06:28] [Server thread/INFO]: Custom Map Seeds:  Village: 10387312 Feature: 14357617
[12:06:28] [Server thread/INFO]: Max TNT Explosions: 100
[12:06:28] [Server thread/INFO]: Tile Max Tick Time: 50ms Entity max Tick Time: 50ms
[12:06:28] [Server thread/INFO]: Item Despawn Rate: 6000
[12:06:28] [Server thread/INFO]: Item Merge Radius: 2.5
[12:06:28] [Server thread/INFO]: Arrow Despawn Rate: 1200
[12:06:28] [Server thread/INFO]: Allow Zombie Pigmen to spawn from portal blocks: true
[12:06:28] [Server thread/INFO]: View Distance: 4
[12:06:28] [Server thread/INFO]: Zombie Aggressive Towards Villager: true
[12:06:28] [Server thread/INFO]: Chunks to Grow per Tick: 650
[12:06:28] [Server thread/INFO]: Clear tick list: false
[12:06:28] [Server thread/INFO]: Experience Merge Radius: 3.0
[12:06:28] [Server thread/INFO]: -------- World Settings For [world_nether] --------
[12:06:28] [Server thread/INFO]: Player blocking damage multiplier set to 0.5
[12:06:28] [Server thread/INFO]: Living Entity Despawn Ranges:  Soft: 32 Hard: 128
[12:06:28] [Server thread/INFO]: Remove invalid mob spawner tile entities: true
[12:06:28] [Server thread/INFO]: Squids will spawn between Y: 45.0 and Y: 63.0
[12:06:28] [Server thread/INFO]: Max height for cactus growth 3. Max height for reed growth 3
[12:06:28] [Server thread/INFO]: Water over lava flow speed: 5
[12:06:28] [Server thread/INFO]: Fix TNT cannons: false
[12:06:28] [Server thread/INFO]: Allow undead horse types to be leashed: false
[12:06:28] [Server thread/INFO]: Keep spawn chunk loaded: true
[12:06:28] [Server thread/INFO]: World async lighting: false
[12:06:28] [Server thread/INFO]: WorldServer TickNextTick cap set at 10000
[12:06:28] [Server thread/INFO]: WorldServer TickNextTickList cap always processes redstone: false
[12:06:28] [Server thread/INFO]: -------- World Settings For [world_the_end] --------
[12:06:28] [Server thread/INFO]: Mob Spawn Range: 4
[12:06:28] [Server thread/INFO]: Anti X-Ray: true
[12:06:28] [Server thread/INFO]: 	Engine Mode: 1
[12:06:28] [Server thread/INFO]: 	Hidden Blocks: [14, 15, 16, 21, 48, 49, 54, 56, 73, 74, 82, 129, 130]
[12:06:28] [Server thread/INFO]: 	Replace Blocks: [1, 5]
[12:06:28] [Server thread/INFO]: Nerfing mobs spawned from spawners: false
[12:06:28] [Server thread/INFO]: Cactus Growth Modifier: 100%
[12:06:28] [Server thread/INFO]: Cane Growth Modifier: 100%
[12:06:28] [Server thread/INFO]: Melon Growth Modifier: 100%
[12:06:28] [Server thread/INFO]: Mushroom Growth Modifier: 100%
[12:06:28] [Server thread/INFO]: Pumpkin Growth Modifier: 100%
[12:06:28] [Server thread/INFO]: Sapling Growth Modifier: 100%
[12:06:28] [Server thread/INFO]: Wheat Growth Modifier: 100%
[12:06:28] [Server thread/INFO]: NetherWart Growth Modifier: 100%
[12:06:28] [Server thread/INFO]: Entity Activation Range: An 32 / Mo 32 / Mi 16
[12:06:28] [Server thread/INFO]: Entity Tracking Range: Pl 48 / An 48 / Mo 48 / Mi 32 / Other 64
[12:06:28] [Server thread/INFO]: Hopper Transfer: 8 Hopper Check: 8 Hopper Amount: 1
[12:06:28] [Server thread/INFO]: Random Lighting Updates: false
[12:06:28] [Server thread/INFO]: Structure Info Saving: true
[12:06:28] [Server thread/INFO]: Sending up to 10 chunks per packet
[12:06:28] [Server thread/INFO]: Max Entity Collisions: 8
[12:06:28] [Server thread/INFO]: Custom Map Seeds:  Village: 10387312 Feature: 14357617
[12:06:28] [Server thread/INFO]: Max TNT Explosions: 100
[12:06:28] [Server thread/INFO]: Tile Max Tick Time: 50ms Entity max Tick Time: 50ms
[12:06:28] [Server thread/INFO]: Item Despawn Rate: 6000
[12:06:28] [Server thread/INFO]: Item Merge Radius: 2.5
[12:06:28] [Server thread/INFO]: Arrow Despawn Rate: 1200
[12:06:28] [Server thread/INFO]: Allow Zombie Pigmen to spawn from portal blocks: true
[12:06:28] [Server thread/INFO]: View Distance: 4
[12:06:28] [Server thread/INFO]: Zombie Aggressive Towards Villager: true
[12:06:28] [Server thread/INFO]: Chunks to Grow per Tick: 650
[12:06:28] [Server thread/INFO]: Clear tick list: false
[12:06:28] [Server thread/INFO]: Experience Merge Radius: 3.0
[12:06:28] [Server thread/INFO]: -------- World Settings For [world_the_end] --------
[12:06:28] [Server thread/INFO]: Player blocking damage multiplier set to 0.5
[12:06:28] [Server thread/INFO]: Living Entity Despawn Ranges:  Soft: 32 Hard: 128
[12:06:28] [Server thread/INFO]: Remove invalid mob spawner tile entities: true
[12:06:28] [Server thread/INFO]: Squids will spawn between Y: 45.0 and Y: 63.0
[12:06:28] [Server thread/INFO]: Max height for cactus growth 3. Max height for reed growth 3
[12:06:28] [Server thread/INFO]: Water over lava flow speed: 5
[12:06:28] [Server thread/INFO]: Fix TNT cannons: false
[12:06:28] [Server thread/INFO]: Allow undead horse types to be leashed: false
[12:06:28] [Server thread/INFO]: Keep spawn chunk loaded: true
[12:06:28] [Server thread/INFO]: World async lighting: false
[12:06:28] [Server thread/INFO]: WorldServer TickNextTick cap set at 10000
[12:06:28] [Server thread/INFO]: WorldServer TickNextTickList cap always processes redstone: false
[12:06:28] [Server thread/INFO]: Preparing start region for level 0 (Seed: 4985944434465135059)
[12:06:29] [Server thread/INFO]: Preparing spawn area: 86%
[12:06:29] [Server thread/INFO]: Preparing start region for level 1 (Seed: 5823832181871262938)
[12:06:30] [Server thread/INFO]: Preparing spawn area: 56%
[12:06:30] [Server thread/INFO]: Preparing start region for level 2 (Seed: 5823832181871262938)
[12:06:30] [Server thread/INFO]: [SimpleTpa] Enabling SimpleTpa v6.4
[12:06:30] [Server thread/INFO]: [0;33;1m[21m[SimpleTpa] If you need support contact me at https://discord.gg/SZUkza9[m

[12:06:30] [Server thread/INFO]: [0;33;1m[21m[SimpleTpa] Simple Tpa has been enabled on version 6.4[m

[12:06:30] [Server thread/INFO]: Enabled metrics. You may opt-out by changing plugins/bStats/config.yml
[12:06:30] [Server thread/INFO]: [[EaglerPluginInstaller]] Enabling EaglerPluginInstaller v1.1.4
[12:06:30] [Server thread/INFO]: Check 1 passed

[12:06:31] [Server thread/INFO]: Check 3 passed

[12:06:31] [Server thread/INFO]: --------------------------------------------[m

[12:06:31] [Server thread/INFO]: --------------------------------------------[m

[12:06:31] [Server thread/INFO]: [0;32;1m[EaglerPluginInstaller][0;36;1m EaglerPluginInstaller V1.1.5 is now Enabled! :D[m

[12:06:31] [Server thread/INFO]: To use PluginInstaller, run the command "/install <pluginname>" ("install <pluginname>" in console) to install a plugin[m

[12:06:31] [Server thread/INFO]: To get a list of installable plugins, use the command "/plist" or "plist" in console[m

[12:06:31] [Server thread/INFO]: You can request to add a new plugin to the database by going to https://github.com/darverdevs/PluginInstallerRepo/tree/main[m

[12:06:31] [Server thread/INFO]: and creating an issue or pull request of the plugin you want to add[m

[12:06:31] [Server thread/INFO]: --------------------------------------------[m

[12:06:31] [Server thread/INFO]: --------------------------------------------[m

[12:06:31] [Server thread/INFO]: [WorldEdit] Enabling WorldEdit v6.1;no_git_id
[12:06:31] [Server thread/INFO]: WEPIF: Using the Bukkit Permissions API.
[12:06:31] [Server thread/INFO]: [WorldEdit] Using com.sk89q.worldedit.bukkit.adapter.impl.Spigot_v1_8_R3 as the Bukkit adapter
[12:06:31] [Server thread/INFO]: [HealthBar] Enabling HealthBar v1.8.3
[12:06:31] [Server thread/INFO]: [AntiXRay] Enabling AntiXRay v1.9.0
[12:06:31] [Server thread/INFO]: [RPGHealthPlus] Enabling RPGHealthPlus v1.2.0
[12:06:31] [Server thread/INFO]: RPGHealthPlus | has been enabled!
[12:06:31] [Server thread/INFO]: [BitchFilter] Enabling BitchFilter v1.0
[12:06:31] [Server thread/INFO]: [Essentials] Enabling Essentials v2.20.1
[12:06:31] [Server thread/INFO]: You are running a server with limited API functionality. EssentialsX will still work, but certain features may be disabled.
[12:06:31] [Server thread/INFO]: Attempting to convert old kits in config.yml to new kits.yml
[12:06:31] [Server thread/INFO]: No kits found to migrate.
[12:06:32] [Server thread/INFO]: Loaded 853 items from items.csv.
[12:06:32] [Server thread/INFO]: Using locale en
[12:06:32] [Server thread/INFO]: ServerListPingEvent: Spigot iterator API
[12:06:32] [Server thread/INFO]: Starting Metrics. Opt-out using the global bStats config.
[12:06:32] [Server thread/INFO]: Using superperms-based permissions.
[12:06:32] [Server thread/INFO]: [AuthMe] Enabling AuthMe v5.6.0-SNAPSHOT-bCUSTOM
[12:06:32] [Server thread/INFO]: [AuthMe] SQLite Setup finished
[12:06:32] [Server thread/INFO]: [AuthMe] No supported permissions system found! Permissions are disabled!
[12:06:32] [Server thread/INFO]: [AuthMe] Hooked successfully into Essentials
[12:06:32] [Server thread/INFO]: [AuthMe] Essentials spawn file not found: '/workspaces/GGeSMP-NETWORK/server/plugins/Essentials/spawn.yml'
[12:06:32] [Server thread/WARN]: [AuthMe] WARNING! The protectInventory feature requires ProtocolLib! Disabling it...
[12:06:32] [Server thread/INFO]: [AuthMe] AuthMe 5.6.0-SNAPSHOT build n.CUSTOM successfully enabled!
[12:06:32] [Server thread/INFO]: [SimpleHomes] Enabling SimpleHomes v2.2
[12:06:32] [Server thread/INFO]: [[EaglerPluginUpdater]] Enabling EaglerPluginUpdater v1.1.2
[12:06:32] [Server thread/INFO]: [[EaglerPluginInstaller]] Disabling EaglerPluginInstaller v1.1.4
[12:06:32] [Server thread/INFO]: --------------------------------------------[m

[12:06:32] [Server thread/INFO]: --------------------------------------------[m

[12:06:32] [Server thread/INFO]: [0;32;1m[EaglerPluginInstaller][0;36;1m PluginInstaller V1.1.5 is now Disabled! D:[m

[12:06:32] [Server thread/INFO]: --------------------------------------------[m

[12:06:32] [Server thread/INFO]: --------------------------------------------[m

[12:06:32] [Server thread/INFO]: [[EaglerPluginInstaller]] Enabling EaglerPluginInstaller v1.1.4
[12:06:32] [Server thread/INFO]: Check 1 passed

[12:06:32] [Server thread/INFO]: Check 3 passed

[12:06:32] [Server thread/INFO]: --------------------------------------------[m

[12:06:32] [Server thread/INFO]: --------------------------------------------[m

[12:06:32] [Server thread/INFO]: [0;32;1m[EaglerPluginInstaller][0;36;1m EaglerPluginInstaller V1.1.5 is now Enabled! :D[m

[12:06:32] [Server thread/INFO]: To use PluginInstaller, run the command "/install <pluginname>" ("install <pluginname>" in console) to install a plugin[m

[12:06:32] [Server thread/INFO]: To get a list of installable plugins, use the command "/plist" or "plist" in console[m

[12:06:32] [Server thread/INFO]: You can request to add a new plugin to the database by going to https://github.com/darverdevs/PluginInstallerRepo/tree/main[m

[12:06:32] [Server thread/INFO]: and creating an issue or pull request of the plugin you want to add[m

[12:06:32] [Server thread/INFO]: --------------------------------------------[m

[12:06:32] [Server thread/INFO]: --------------------------------------------[m

[12:06:32] [Server thread/INFO]: --------------------------------------------[m

[12:06:32] [Server thread/INFO]: --------------------------------------------[m

[12:06:32] [Server thread/INFO]: [0;32;1m[EaglerPluginUpdater][0;36;1m EaglerPluginUpdater V1.1.2 is now Enabled! :D[m

[12:06:32] [Server thread/INFO]: You do not need to do anything, this plugin will automatically update your PluginUpdater on startup[m

[12:06:32] [Server thread/INFO]: --------------------------------------------[m

[12:06:32] [Server thread/INFO]: --------------------------------------------[m

[12:06:32] [Server thread/INFO]: [PvPManager] Enabling PvPManager v3.18
[12:06:33] [Server thread/INFO]: [0;31;1m[[0;30;1mPvPManager[0;31;1m] [0;32;1mUsing player nametags: [0;36;1mtrue[m

[12:06:33] [Server thread/WARN]: SLF4J: No SLF4J providers were found.

[12:06:33] [Server thread/WARN]: SLF4J: Defaulting to no-operation (NOP) logger implementation

[12:06:33] [Server thread/WARN]: SLF4J: See http://www.slf4j.org/codes.html#noProviders for further details.

[12:06:33] [Server thread/INFO]: [0;31;1m[[0;30;1mPvPManager[0;31;1m] [0;32;1mConnected to [0;36;1mSQLITE[0;32;1m database successfully[m

[12:06:33] [Server thread/INFO]: [0;31;1m[[0;30;1mPvPManager[0;31;1m] [0;32;1mPlayers stored: [0;33;22m5[m

[12:06:33] [Server thread/INFO]: [0;31;1m[[0;30;1mPvPManager[0;31;1m] [0;35;22mEssentials Found! Hooked successfully[m

[12:06:33] [Server thread/WARN]: [PvPManager] Vault not found! Features requiring Vault won't work!
[12:06:33] [Server thread/INFO]: [0;31;1m[[0;30;1mPvPManager[0;31;1m] [0;32;1mPvPManager v3.18 enabled [0;37;22m(164 ms)[m

[12:06:33] [Server thread/INFO]: [SimpleSit] Enabling SimpleSit v1.7.1
[12:06:33] [Server thread/WARN]: [SimpleSit] Using legacy armor stand align, for mc versions 1.12 and below.
[12:06:33] [Server thread/INFO]: [ColoredTags] Enabling ColoredTags v2.1.3
[12:06:33] [Server thread/ERROR]: [ColoredTags] Couldn't find Vault plugin!
[12:06:33] [Server thread/INFO]:  
 
***************************************************
    ColoredTags was unable to find a permissions
    plugin compatible with Vault or Vault itself:
    the plugin will be disabled.
***************************************************
 

[12:06:36] [PvPManager Worker Thread - 0/INFO]: [PvPManager] Checking for updates...
[12:06:36] [PvPManager Worker Thread - 0/INFO]: [0;31;1m[[0;30;1mPvPManager[0;31;1m] [0;32;1mUpdate available: [0;31;1m3.18.1 [0;32;1mCurrent version: [0;31;1m3.18[m

[12:06:36] [PvPManager Worker Thread - 0/INFO]: [0;31;1m[[0;30;1mPvPManager[0;31;1m] [0;32;1mUpdate downloaded to update folder, it will be applied automatically on the next restart[m

[12:06:38] [Server thread/INFO]: [Magic] Enabling Magic v5.5.6
[12:06:38] [Server thread/INFO]: [Magic] EffectLib initialized
[12:06:38] [Server thread/INFO]: [Magic] Loading config.yml
[12:06:38] [Server thread/INFO]: [Magic]  Based on defaults defaults/config.defaults.yml
[12:06:38] [Server thread/INFO]: [Magic] Loading messages.yml
[12:06:38] [Server thread/INFO]: [Magic]  Based on defaults defaults/messages.defaults.yml
[12:06:38] [Server thread/INFO]: [Magic] Loading materials.yml
[12:06:38] [Server thread/INFO]: [Magic]  Based on defaults defaults/materials.defaults.yml
[12:06:38] [Server thread/INFO]: [Magic] Loading spells.yml
[12:06:38] [Server thread/INFO]: [Magic]  Based on defaults defaults/spells.defaults.yml
[12:06:38] [Server thread/INFO]: [Magic] Loading enchanting.yml
[12:06:38] [Server thread/INFO]: [Magic]  Based on defaults defaults/enchanting.defaults.yml
[12:06:38] [Server thread/INFO]: [Magic] Loading wands.yml
[12:06:38] [Server thread/INFO]: [Magic]  Based on defaults defaults/wands.defaults.yml
[12:06:38] [Server thread/INFO]: [Magic] Loading crafting.yml
[12:06:38] [Server thread/INFO]: [Magic]  Based on defaults defaults/crafting.defaults.yml
[12:06:38] [Server thread/INFO]: [Magic] Loading mobs.yml
[12:06:38] [Server thread/INFO]: [Magic]  Based on defaults defaults/mobs.defaults.yml
[12:06:38] [Server thread/INFO]: [Magic] Loading items.yml
[12:06:38] [Server thread/INFO]: [Magic]  Based on defaults defaults/items.defaults.yml
[12:06:38] [Server thread/INFO]: [Magic] Wand enchanting is enabled
[12:06:38] [Server thread/INFO]: [Magic] Wand crafting is enabled
[12:06:38] [Server thread/INFO]: [Magic] Wand anvil organizing is enabled
[12:06:38] [Server thread/INFO]: [Magic] Skin-based custom icons enabled
[12:06:38] [Server thread/INFO]: [Magic] Loaded 37 items
[12:06:38] [Server thread/INFO]: [Magic] Loaded 11 mob templates
[12:06:39] [Server thread/INFO]: [Magic] Loaded 358 spells
[12:06:39] [Server thread/INFO]: [Magic] Loaded 14 enchanting paths
[12:06:39] [Server thread/INFO]: [Magic] Loaded 104 wands
[12:06:39] [Server thread/INFO]: [Magic] Loaded 16 crafting recipes
[12:06:39] [Server thread/INFO]: [Magic] BlockPhysics not found- install BlockPhysics for physics-based block effects
[12:06:39] [Server thread/INFO]: [Magic] LibsDisguises not found
[12:06:39] [Server thread/INFO]: [Magic] Vault not found, virtual economy unavailable
[12:06:39] [Server thread/INFO]: [Magic] Integrating with Essentials for Recall warps
[12:06:39] [Server thread/INFO]: [Magic] dtlTraders not found, will not integrate.
[12:06:39] [Server thread/INFO]: [Magic] Factions not found, will not integrate.
[12:06:39] [Server thread/INFO]: [Magic] WorldGuard not found, region protection and pvp checks will not be used.
[12:06:39] [Server thread/INFO]: [Magic] PvPManager found, will respect PVP settings
[12:06:39] [Server thread/INFO]: [Magic] Towny not found, region protection and pvp checks will not be used.
[12:06:39] [Server thread/INFO]: [Magic] Lockette not found, will not integrate.
[12:06:39] [Server thread/INFO]: [Magic] GriefPrevention not found, claim protection will not be used.
[12:06:39] [Server thread/INFO]: [Magic] NoCheatPlus not found, will not integrate.
[12:06:39] [Server thread/INFO]: [Magic] dynmap not found, not integrating.
[12:06:39] [Server thread/INFO]: [Magic] Citizens not found, Magic trait unavailable.
[12:06:39] [Server thread/INFO]: [Magic] Activated MCStats
[12:06:39] [Server thread/INFO]: [Magic] Adding crafting recipe for goggles
[12:06:39] [Server thread/INFO]: [Magic] Adding crafting recipe for wizardhelmet
[12:06:39] [Server thread/INFO]: [Magic] Adding crafting recipe for apprenticehelmet
[12:06:39] [Server thread/INFO]: [Magic] Adding crafting recipe for wizardboots
[12:06:39] [Server thread/INFO]: [Magic] Adding crafting recipe for apprenticeboots
[12:06:39] [Server thread/INFO]: [Magic] Adding crafting recipe for wizardleggings
[12:06:39] [Server thread/INFO]: [Magic] Adding crafting recipe for apprenticeleggings
[12:06:39] [Server thread/INFO]: [Magic] Adding crafting recipe for magichat
[12:06:39] [Server thread/INFO]: [Magic] Disabled default crafting recipe for GOLD_SPADE
[12:06:39] [Server thread/INFO]: [Magic] Adding crafting recipe for broomstick
[12:06:39] [Server thread/INFO]: [Magic] Adding crafting recipe for divinghelmet
[12:06:39] [Server thread/INFO]: [Magic] Disabled default crafting recipe for GOLD_SWORD
[12:06:39] [Server thread/INFO]: [Magic] Adding crafting recipe for battle
[12:06:39] [Server thread/INFO]: [Magic] Disabled default crafting recipe for WOOD_HOE
[12:06:39] [Server thread/INFO]: [Magic] Adding crafting recipe for default
[12:06:39] [Server thread/INFO]: [Magic] Disabled default crafting recipe for GOLD_HOE
[12:06:39] [Server thread/INFO]: [Magic] Disabled default crafting recipe for GOLD_AXE
[12:06:39] [Server thread/INFO]: [Magic] Adding crafting recipe for wizardchestplate
[12:06:39] [Server thread/INFO]: [Magic] Adding crafting recipe for apprenticechestplate
[12:06:39] [Server thread/INFO]: Server permissions file permissions.yml is empty, ignoring it
[12:06:39] [Server thread/INFO]: Done (11.739s)! For help, type "help" or "?"
[12:06:39] [Server thread/INFO]: Timings Reset
[12:06:39] [Craft Scheduler Thread - 0/INFO]: §6Fetching version information...
[12:06:39] [Craft Scheduler Thread - 1/INFO]: [AuthMe] Downloading GEO IP database, because the old database is older than 30 days or doesn't exist
[12:06:39] [Craft Scheduler Thread - 1/WARN]: [AuthMe] No MaxMind credentials found in the configuration file! GeoIp protections will be disabled.
[12:06:39] [Craft Scheduler Thread - 1/INFO]: [AuthMe] There is no newer GEO IP database uploaded to MaxMind. Using the old one for now.
[12:06:39] [Craft Scheduler Thread - 1/WARN]: [AuthMe] Could not download GeoLiteAPI database [FileNotFoundException]: plugins/AuthMe/GeoLite2-Country.mmdb (No such file or directory)
[12:06:39] [Craft Scheduler Thread - 2/INFO]: [0;31;1m[21m[SimpleTpa] There is a new update available.[m

[12:06:39] [Craft Scheduler Thread - 2/INFO]: [0;31;1m[SimpleTpa] There is a new update available:[m

[12:06:39] [Craft Scheduler Thread - 2/INFO]: [0;31;1m[SimpleTpa] https://www.spigotmc.org/resources/simple-tpa.64270/[m

[12:06:39] [Server thread/WARN]: java.lang.NoClassDefFoundError: com/earth2me/essentials/ItemDb

[12:06:39] [Server thread/WARN]: 	at java.base/java.lang.ClassLoader.defineClass1(Native Method)

[12:06:39] [Server thread/WARN]: 	at java.base/java.lang.ClassLoader.defineClass(ClassLoader.java:1027)

[12:06:39] [Server thread/WARN]: 	at java.base/java.security.SecureClassLoader.defineClass(SecureClassLoader.java:150)

[12:06:39] [Server thread/WARN]: 	at java.base/java.net.URLClassLoader.defineClass(URLClassLoader.java:524)

[12:06:39] [Server thread/WARN]: 	at java.base/java.net.URLClassLoader$1.run(URLClassLoader.java:427)

[12:06:39] [Server thread/WARN]: 	at java.base/java.net.URLClassLoader$1.run(URLClassLoader.java:421)

[12:06:39] [Server thread/WARN]: 	at java.base/java.security.AccessController.doPrivileged(AccessController.java:714)

[12:06:39] [Server thread/WARN]: 	at java.base/java.net.URLClassLoader.findClass(URLClassLoader.java:420)

[12:06:39] [Server thread/WARN]: 	at org.bukkit.plugin.java.PluginClassLoader.findClass(PluginClassLoader.java:102)

[12:06:39] [Server thread/WARN]: 	at org.bukkit.plugin.java.JavaPluginLoader.getClassByName(JavaPluginLoader.java:193)

[12:06:39] [Server thread/WARN]: 	at org.bukkit.plugin.java.PluginClassLoader.findClass(PluginClassLoader.java:98)

[12:06:39] [Server thread/WARN]: 	at org.bukkit.plugin.java.PluginClassLoader.findClass(PluginClassLoader.java:87)

[12:06:39] [Server thread/WARN]: 	at java.base/java.lang.ClassLoader.loadClass(ClassLoader.java:593)

[12:06:39] [Server thread/WARN]: 	at java.base/java.lang.ClassLoader.loadClass(ClassLoader.java:526)

[12:06:39] [Server thread/WARN]: 	at com.elmakers.mine.bukkit.magic.MagicController$3.run(MagicController.java:839)

[12:06:39] [Server thread/WARN]: 	at org.bukkit.craftbukkit.v1_8_R3.scheduler.CraftTask.run(CraftTask.java:59)

[12:06:39] [Server thread/WARN]: 	at org.bukkit.craftbukkit.v1_8_R3.scheduler.CraftScheduler.mainThreadHeartbeat(CraftScheduler.java:352)

[12:06:39] [Server thread/WARN]: 	at net.minecraft.server.v1_8_R3.MinecraftServer.B(MinecraftServer.java:783)

[12:06:39] [Server thread/WARN]: 	at net.minecraft.server.v1_8_R3.DedicatedServer.B(DedicatedServer.java:378)

[12:06:39] [Server thread/WARN]: 	at net.minecraft.server.v1_8_R3.MinecraftServer.A(MinecraftServer.java:713)

[12:06:39] [Server thread/WARN]: 	at net.minecraft.server.v1_8_R3.MinecraftServer.run(MinecraftServer.java:616)

[12:06:39] [Server thread/WARN]: 	at java.base/java.lang.Thread.run(Thread.java:1583)

[12:06:39] [Server thread/WARN]: Caused by: java.lang.ClassNotFoundException: com.earth2me.essentials.ItemDb

[12:06:39] [Server thread/WARN]: 	at java.base/java.net.URLClassLoader.findClass(URLClassLoader.java:445)

[12:06:39] [Server thread/WARN]: 	at org.bukkit.plugin.java.PluginClassLoader.findClass(PluginClassLoader.java:102)

[12:06:39] [Server thread/WARN]: 	at org.bukkit.plugin.java.PluginClassLoader.findClass(PluginClassLoader.java:87)

[12:06:39] [Server thread/WARN]: 	at java.base/java.lang.ClassLoader.loadClass(ClassLoader.java:593)

[12:06:39] [Server thread/WARN]: 	at java.base/java.lang.ClassLoader.loadClass(ClassLoader.java:526)

[12:06:39] [Server thread/WARN]: 	... 22 more

[12:06:40] [Server thread/INFO]: [Magic] Loading lost wand data
[12:06:40] [Server thread/INFO]: [Magic] Loaded 0 lost wands
[12:06:40] [Server thread/INFO]: [Magic] Loading automata data
[12:06:40] [Server thread/INFO]: [Magic] Loaded 0 automata
[12:06:40] [Server thread/INFO]: [Magic] Loading image map data from imagemaps.yml
[12:06:40] [Server thread/INFO]: [Magic] Loaded 0 image maps
[12:06:40] [Server thread/INFO]: [Magic] Finished loading data.
